[ 2016-06-20T09:59:17+08:00 ] 127.0.0.1 /V1/Player/get_info
INFO: [ app_init ] --START--
INFO: Run Behavior\BuildLiteBehavior [ RunTime:0.000018s ]
INFO: [ app_init ] --END-- [ RunTime:0.012755s ]
INFO: [ app_begin ] --START--
INFO: Run Behavior\ReadHtmlCacheBehavior [ RunTime:0.001362s ]
INFO: Run Behavior\CheckLangBehavior [ RunTime:0.002675s ]
INFO: [ app_begin ] --END-- [ RunTime:0.004154s ]
SQL: SHOW COLUMNS FROM `t_sys_user` [ RunTime:0.0457s ]
SQL: SELECT * FROM `t_sys_user` WHERE `uid` = 10012 AND `user_role` IN (100210,100220) LIMIT 1   [ RunTime:0.0447s ]
SQL: SHOW COLUMNS FROM `t_user_info` [ RunTime:0.0465s ]
SQL: SELECT * FROM `t_user_info` WHERE ( operator_id = 10012 AND account_id = 'test_player02' ) LIMIT 1   [ RunTime:0.0493s ]

[ 2016-06-20T09:59:18+08:00 ] 127.0.0.1 /V1/Player/update_password
INFO: [ app_init ] --START--
INFO: Run Behavior\BuildLiteBehavior [ RunTime:0.000012s ]
INFO: [ app_init ] --END-- [ RunTime:0.000528s ]
INFO: [ app_begin ] --START--
INFO: Run Behavior\ReadHtmlCacheBehavior [ RunTime:0.000688s ]
INFO: Run Behavior\CheckLangBehavior [ RunTime:0.001407s ]
INFO: [ app_begin ] --END-- [ RunTime:0.002211s ]
SQL: SHOW COLUMNS FROM `t_sys_user` [ RunTime:0.0447s ]
SQL: SELECT * FROM `t_sys_user` WHERE `uid` = 10012 AND `user_role` IN (100210,100220) LIMIT 1   [ RunTime:0.0450s ]
SQL: SHOW COLUMNS FROM `t_user_info` [ RunTime:0.0460s ]
SQL: SELECT * FROM `t_user_info` WHERE ( operator_id = 10012 AND account_id = 'test_player02' ) LIMIT 1   [ RunTime:0.0464s ]

[ 2016-06-20T09:59:18+08:00 ] 127.0.0.1 /V1/Player/frozen_player
INFO: [ app_init ] --START--
INFO: Run Behavior\BuildLiteBehavior [ RunTime:0.000020s ]
INFO: [ app_init ] --END-- [ RunTime:0.000827s ]
INFO: [ app_begin ] --START--
INFO: Run Behavior\ReadHtmlCacheBehavior [ RunTime:0.001022s ]
INFO: Run Behavior\CheckLangBehavior [ RunTime:0.001660s ]
INFO: [ app_begin ] --END-- [ RunTime:0.002816s ]
SQL: SHOW COLUMNS FROM `t_sys_user` [ RunTime:0.0458s ]
SQL: SELECT * FROM `t_sys_user` WHERE `uid` = 10012 AND `user_role` IN (100210,100220) LIMIT 1   [ RunTime:0.0461s ]
SQL: SHOW COLUMNS FROM `t_user_info` [ RunTime:0.0455s ]
SQL: SELECT * FROM `t_user_info` WHERE ( operator_id = 10012 AND account_id = 'test_player02' ) LIMIT 1   [ RunTime:0.0462s ]

[ 2016-06-20T09:59:19+08:00 ] 127.0.0.1 /V1/Player/get_all_spindata
INFO: [ app_init ] --START--
INFO: Run Behavior\BuildLiteBehavior [ RunTime:0.000034s ]
INFO: [ app_init ] --END-- [ RunTime:0.001351s ]
INFO: [ app_begin ] --START--
INFO: Run Behavior\ReadHtmlCacheBehavior [ RunTime:0.001956s ]
INFO: Run Behavior\CheckLangBehavior [ RunTime:0.002964s ]
INFO: [ app_begin ] --END-- [ RunTime:0.005346s ]
SQL: SHOW COLUMNS FROM `t_sys_user` [ RunTime:0.0466s ]
SQL: SELECT * FROM `t_sys_user` WHERE `uid` = 10012 AND `user_role` IN (100210,100220) LIMIT 1   [ RunTime:0.0456s ]

[ 2016-06-20T09:59:19+08:00 ] 127.0.0.1 /V1/Player/deposit_gold
INFO: [ app_init ] --START--
INFO: Run Behavior\BuildLiteBehavior [ RunTime:0.000034s ]
INFO: [ app_init ] --END-- [ RunTime:0.001446s ]
INFO: [ app_begin ] --START--
INFO: Run Behavior\ReadHtmlCacheBehavior [ RunTime:0.001731s ]
INFO: Run Behavior\CheckLangBehavior [ RunTime:0.001614s ]
INFO: [ app_begin ] --END-- [ RunTime:0.003687s ]
SQL: SHOW COLUMNS FROM `t_sys_user` [ RunTime:0.0455s ]
SQL: SELECT * FROM `t_sys_user` WHERE `uid` = 10012 AND `user_role` IN (100210,100220) LIMIT 1   [ RunTime:0.0455s ]
SQL: SHOW COLUMNS FROM `t_user_info` [ RunTime:0.0457s ]
SQL: SELECT * FROM `t_user_info` WHERE ( operator_id = 10012 AND account_id = 'test_player02' ) LIMIT 1   [ RunTime:0.0458s ]

[ 2016-06-20T09:59:19+08:00 ] 127.0.0.1 /V1/Player/withdrawal_gold
INFO: [ app_init ] --START--
INFO: Run Behavior\BuildLiteBehavior [ RunTime:0.000021s ]
INFO: [ app_init ] --END-- [ RunTime:0.000889s ]
INFO: [ app_begin ] --START--
INFO: Run Behavior\ReadHtmlCacheBehavior [ RunTime:0.001530s ]
INFO: Run Behavior\CheckLangBehavior [ RunTime:0.001900s ]
INFO: [ app_begin ] --END-- [ RunTime:0.003619s ]
SQL: SHOW COLUMNS FROM `t_sys_user` [ RunTime:0.0474s ]
SQL: SELECT * FROM `t_sys_user` WHERE `uid` = 10012 AND `user_role` IN (100210,100220) LIMIT 1   [ RunTime:0.0473s ]
SQL: SHOW COLUMNS FROM `t_user_info` [ RunTime:0.0484s ]
SQL: SELECT * FROM `t_user_info` WHERE ( operator_id = 10012 AND account_id = 'test_player02' ) LIMIT 1   [ RunTime:0.0508s ]

[ 2016-06-20T09:59:20+08:00 ] 127.0.0.1 /V1/Player/get_order_status
INFO: [ app_init ] --START--
INFO: Run Behavior\BuildLiteBehavior [ RunTime:0.000023s ]
INFO: [ app_init ] --END-- [ RunTime:0.001148s ]
INFO: [ app_begin ] --START--
INFO: Run Behavior\ReadHtmlCacheBehavior [ RunTime:0.001001s ]
INFO: Run Behavior\CheckLangBehavior [ RunTime:0.001594s ]
INFO: [ app_begin ] --END-- [ RunTime:0.002735s ]
SQL: SHOW COLUMNS FROM `t_sys_user` [ RunTime:0.0481s ]
SQL: SELECT * FROM `t_sys_user` WHERE `uid` = 10012 AND `user_role` IN (100210,100220) LIMIT 1   [ RunTime:0.0485s ]
SQL: SHOW COLUMNS FROM `t_user_order_info` [ RunTime:0.0467s ]
SQL: SELECT * FROM `t_sys_user` WHERE `uid` = 10012 AND `user_role` IN (100210,100220) LIMIT 1   [ RunTime:0.0468s ]
SQL: SELECT * FROM `t_user_order_info` WHERE ( operator_id = 10012 AND operator_sn = '201606031923010013' ) LIMIT 1   [ RunTime:0.0459s ]
NOTIC: [8] Undefined index: err_code C:\wwwroot\laohu\laohu_api\Application\V1\Service\PlayerService.class.php 第 555 行.
SQL: SHOW COLUMNS FROM `t_user_info` [ RunTime:0.0474s ]
SQL: SELECT * FROM `t_user_info` WHERE ( user_id = 11018 ) LIMIT 1   [ RunTime:0.0473s ]

[ 2016-06-20T10:13:10+08:00 ] 127.0.0.1 /V1/Player/get_info
INFO: [ app_init ] --START--
INFO: Run Behavior\BuildLiteBehavior [ RunTime:0.000012s ]
INFO: [ app_init ] --END-- [ RunTime:0.000568s ]
INFO: [ app_begin ] --START--
INFO: Run Behavior\ReadHtmlCacheBehavior [ RunTime:0.000953s ]
INFO: Run Behavior\CheckLangBehavior [ RunTime:0.001272s ]
INFO: [ app_begin ] --END-- [ RunTime:0.002318s ]
SQL: SHOW COLUMNS FROM `t_sys_user` [ RunTime:0.0477s ]
SQL: SELECT * FROM `t_sys_user` WHERE `uid` = 10012 AND `user_role` IN (100210,100220) LIMIT 1   [ RunTime:0.0492s ]
SQL: SHOW COLUMNS FROM `t_user_info` [ RunTime:0.0487s ]
SQL: SELECT * FROM `t_user_info` WHERE ( operator_id = 10012 AND account_id = 'test_player02' ) LIMIT 1   [ RunTime:0.0497s ]

[ 2016-06-20T10:13:10+08:00 ] 127.0.0.1 /V1/Player/update_password
INFO: [ app_init ] --START--
INFO: Run Behavior\BuildLiteBehavior [ RunTime:0.000022s ]
INFO: [ app_init ] --END-- [ RunTime:0.000887s ]
INFO: [ app_begin ] --START--
INFO: Run Behavior\ReadHtmlCacheBehavior [ RunTime:0.001103s ]
INFO: Run Behavior\CheckLangBehavior [ RunTime:0.001821s ]
INFO: [ app_begin ] --END-- [ RunTime:0.003071s ]
SQL: SHOW COLUMNS FROM `t_sys_user` [ RunTime:0.0464s ]
SQL: SELECT * FROM `t_sys_user` WHERE `uid` = 10012 AND `user_role` IN (100210,100220) LIMIT 1   [ RunTime:0.0452s ]
SQL: SHOW COLUMNS FROM `t_user_info` [ RunTime:0.0467s ]
SQL: SELECT * FROM `t_user_info` WHERE ( operator_id = 10012 AND account_id = 'test_player02' ) LIMIT 1   [ RunTime:0.0476s ]

[ 2016-06-20T10:13:11+08:00 ] 127.0.0.1 /V1/Player/frozen_player
INFO: [ app_init ] --START--
INFO: Run Behavior\BuildLiteBehavior [ RunTime:0.000016s ]
INFO: [ app_init ] --END-- [ RunTime:0.000708s ]
INFO: [ app_begin ] --START--
INFO: Run Behavior\ReadHtmlCacheBehavior [ RunTime:0.000919s ]
INFO: Run Behavior\CheckLangBehavior [ RunTime:0.001898s ]
INFO: [ app_begin ] --END-- [ RunTime:0.002979s ]
SQL: SHOW COLUMNS FROM `t_sys_user` [ RunTime:0.0458s ]
SQL: SELECT * FROM `t_sys_user` WHERE `uid` = 10012 AND `user_role` IN (100210,100220) LIMIT 1   [ RunTime:0.0455s ]
SQL: SHOW COLUMNS FROM `t_user_info` [ RunTime:0.0462s ]
SQL: SELECT * FROM `t_user_info` WHERE ( operator_id = 10012 AND account_id = 'test_player02' ) LIMIT 1   [ RunTime:0.0467s ]

[ 2016-06-20T10:13:11+08:00 ] 127.0.0.1 /V1/Player/get_all_spindata
INFO: [ app_init ] --START--
INFO: Run Behavior\BuildLiteBehavior [ RunTime:0.000017s ]
INFO: [ app_init ] --END-- [ RunTime:0.000666s ]
INFO: [ app_begin ] --START--
INFO: Run Behavior\ReadHtmlCacheBehavior [ RunTime:0.000932s ]
INFO: Run Behavior\CheckLangBehavior [ RunTime:0.001501s ]
INFO: [ app_begin ] --END-- [ RunTime:0.002555s ]
SQL: SHOW COLUMNS FROM `t_sys_user` [ RunTime:0.0452s ]
SQL: SELECT * FROM `t_sys_user` WHERE `uid` = 10012 AND `user_role` IN (100210,100220) LIMIT 1   [ RunTime:0.0483s ]

[ 2016-06-20T10:13:12+08:00 ] 127.0.0.1 /V1/Player/deposit_gold
INFO: [ app_init ] --START--
INFO: Run Behavior\BuildLiteBehavior [ RunTime:0.000023s ]
INFO: [ app_init ] --END-- [ RunTime:0.000976s ]
INFO: [ app_begin ] --START--
INFO: Run Behavior\ReadHtmlCacheBehavior [ RunTime:0.001339s ]
INFO: Run Behavior\CheckLangBehavior [ RunTime:0.001355s ]
INFO: [ app_begin ] --END-- [ RunTime:0.002813s ]
SQL: SHOW COLUMNS FROM `t_sys_user` [ RunTime:0.0456s ]
SQL: SELECT * FROM `t_sys_user` WHERE `uid` = 10012 AND `user_role` IN (100210,100220) LIMIT 1   [ RunTime:0.0464s ]
SQL: SHOW COLUMNS FROM `t_user_info` [ RunTime:0.0475s ]
SQL: SELECT * FROM `t_user_info` WHERE ( operator_id = 10012 AND account_id = 'test_player02' ) LIMIT 1   [ RunTime:0.0478s ]

[ 2016-06-20T10:13:12+08:00 ] 127.0.0.1 /V1/Player/withdrawal_gold
INFO: [ app_init ] --START--
INFO: Run Behavior\BuildLiteBehavior [ RunTime:0.000022s ]
INFO: [ app_init ] --END-- [ RunTime:0.000972s ]
INFO: [ app_begin ] --START--
INFO: Run Behavior\ReadHtmlCacheBehavior [ RunTime:0.001224s ]
INFO: Run Behavior\CheckLangBehavior [ RunTime:0.002100s ]
INFO: [ app_begin ] --END-- [ RunTime:0.003513s ]
SQL: SHOW COLUMNS FROM `t_sys_user` [ RunTime:0.0460s ]
SQL: SELECT * FROM `t_sys_user` WHERE `uid` = 10012 AND `user_role` IN (100210,100220) LIMIT 1   [ RunTime:0.0451s ]
SQL: SHOW COLUMNS FROM `t_user_info` [ RunTime:0.0498s ]
SQL: SELECT * FROM `t_user_info` WHERE ( operator_id = 10012 AND account_id = 'test_player02' ) LIMIT 1   [ RunTime:0.0522s ]

[ 2016-06-20T10:13:13+08:00 ] 127.0.0.1 /V1/Player/get_order_status
INFO: [ app_init ] --START--
INFO: Run Behavior\BuildLiteBehavior [ RunTime:0.000016s ]
INFO: [ app_init ] --END-- [ RunTime:0.000697s ]
INFO: [ app_begin ] --START--
INFO: Run Behavior\ReadHtmlCacheBehavior [ RunTime:0.000783s ]
INFO: Run Behavior\CheckLangBehavior [ RunTime:0.001336s ]
INFO: [ app_begin ] --END-- [ RunTime:0.002223s ]
SQL: SHOW COLUMNS FROM `t_sys_user` [ RunTime:0.0482s ]
SQL: SELECT * FROM `t_sys_user` WHERE `uid` = 10012 AND `user_role` IN (100210,100220) LIMIT 1   [ RunTime:0.0459s ]
SQL: SHOW COLUMNS FROM `t_user_order_info` [ RunTime:0.0468s ]
SQL: SELECT * FROM `t_sys_user` WHERE `uid` = 10012 AND `user_role` IN (100210,100220) LIMIT 1   [ RunTime:0.0455s ]
SQL: SELECT * FROM `t_user_order_info` WHERE ( operator_id = 10012 AND operator_sn = '201606031923010013' ) LIMIT 1   [ RunTime:0.0456s ]
NOTIC: [8] Undefined index: err_code C:\wwwroot\laohu\laohu_api\Application\V1\Service\PlayerService.class.php 第 555 行.
SQL: SHOW COLUMNS FROM `t_user_info` [ RunTime:0.0460s ]
SQL: SELECT * FROM `t_user_info` WHERE ( user_id = 11018 ) LIMIT 1   [ RunTime:0.0471s ]

[ 2016-06-20T10:13:17+08:00 ] 127.0.0.1 /V1/Player/get_info
INFO: [ app_init ] --START--
INFO: Run Behavior\BuildLiteBehavior [ RunTime:0.000023s ]
INFO: [ app_init ] --END-- [ RunTime:0.001143s ]
INFO: [ app_begin ] --START--
INFO: Run Behavior\ReadHtmlCacheBehavior [ RunTime:0.000707s ]
INFO: Run Behavior\CheckLangBehavior [ RunTime:0.001189s ]
INFO: [ app_begin ] --END-- [ RunTime:0.002005s ]
SQL: SHOW COLUMNS FROM `t_sys_user` [ RunTime:0.0454s ]
SQL: SELECT * FROM `t_sys_user` WHERE `uid` = 10012 AND `user_role` IN (100210,100220) LIMIT 1   [ RunTime:0.0440s ]
SQL: SHOW COLUMNS FROM `t_user_info` [ RunTime:0.0456s ]
SQL: SELECT * FROM `t_user_info` WHERE ( operator_id = 10012 AND account_id = 'test_player02' ) LIMIT 1   [ RunTime:0.0465s ]

[ 2016-06-20T10:13:18+08:00 ] 127.0.0.1 /V1/Player/update_password
INFO: [ app_init ] --START--
INFO: Run Behavior\BuildLiteBehavior [ RunTime:0.000011s ]
INFO: [ app_init ] --END-- [ RunTime:0.000546s ]
INFO: [ app_begin ] --START--
INFO: Run Behavior\ReadHtmlCacheBehavior [ RunTime:0.000724s ]
INFO: Run Behavior\CheckLangBehavior [ RunTime:0.001177s ]
INFO: [ app_begin ] --END-- [ RunTime:0.001975s ]
SQL: SHOW COLUMNS FROM `t_sys_user` [ RunTime:0.0463s ]
SQL: SELECT * FROM `t_sys_user` WHERE `uid` = 10012 AND `user_role` IN (100210,100220) LIMIT 1   [ RunTime:0.0461s ]
SQL: SHOW COLUMNS FROM `t_user_info` [ RunTime:0.0454s ]
SQL: SELECT * FROM `t_user_info` WHERE ( operator_id = 10012 AND account_id = 'test_player02' ) LIMIT 1   [ RunTime:0.0481s ]

[ 2016-06-20T10:13:19+08:00 ] 127.0.0.1 /V1/Player/frozen_player
INFO: [ app_init ] --START--
INFO: Run Behavior\BuildLiteBehavior [ RunTime:0.000022s ]
INFO: [ app_init ] --END-- [ RunTime:0.000917s ]
INFO: [ app_begin ] --START--
INFO: Run Behavior\ReadHtmlCacheBehavior [ RunTime:0.000955s ]
INFO: Run Behavior\CheckLangBehavior [ RunTime:0.001221s ]
INFO: [ app_begin ] --END-- [ RunTime:0.002289s ]
SQL: SHOW COLUMNS FROM `t_sys_user` [ RunTime:0.0446s ]
SQL: SELECT * FROM `t_sys_user` WHERE `uid` = 10012 AND `user_role` IN (100210,100220) LIMIT 1   [ RunTime:0.0447s ]
SQL: SHOW COLUMNS FROM `t_user_info` [ RunTime:0.0454s ]
SQL: SELECT * FROM `t_user_info` WHERE ( operator_id = 10012 AND account_id = 'test_player02' ) LIMIT 1   [ RunTime:0.0463s ]

[ 2016-06-20T10:13:19+08:00 ] 127.0.0.1 /V1/Player/get_all_spindata
INFO: [ app_init ] --START--
INFO: Run Behavior\BuildLiteBehavior [ RunTime:0.000022s ]
INFO: [ app_init ] --END-- [ RunTime:0.000910s ]
INFO: [ app_begin ] --START--
INFO: Run Behavior\ReadHtmlCacheBehavior [ RunTime:0.001573s ]
INFO: Run Behavior\CheckLangBehavior [ RunTime:0.001862s ]
INFO: [ app_begin ] --END-- [ RunTime:0.003601s ]
SQL: SHOW COLUMNS FROM `t_sys_user` [ RunTime:0.0454s ]
SQL: SELECT * FROM `t_sys_user` WHERE `uid` = 10012 AND `user_role` IN (100210,100220) LIMIT 1   [ RunTime:0.0449s ]

[ 2016-06-20T10:13:19+08:00 ] 127.0.0.1 /V1/Player/deposit_gold
INFO: [ app_init ] --START--
INFO: Run Behavior\BuildLiteBehavior [ RunTime:0.000020s ]
INFO: [ app_init ] --END-- [ RunTime:0.000731s ]
INFO: [ app_begin ] --START--
INFO: Run Behavior\ReadHtmlCacheBehavior [ RunTime:0.001282s ]
INFO: Run Behavior\CheckLangBehavior [ RunTime:0.002040s ]
INFO: [ app_begin ] --END-- [ RunTime:0.003675s ]
SQL: SHOW COLUMNS FROM `t_sys_user` [ RunTime:0.0450s ]
SQL: SELECT * FROM `t_sys_user` WHERE `uid` = 10012 AND `user_role` IN (100210,100220) LIMIT 1   [ RunTime:0.0447s ]
SQL: SHOW COLUMNS FROM `t_user_info` [ RunTime:0.0462s ]
SQL: SELECT * FROM `t_user_info` WHERE ( operator_id = 10012 AND account_id = 'test_player02' ) LIMIT 1   [ RunTime:0.0465s ]

[ 2016-06-20T10:13:20+08:00 ] 127.0.0.1 /V1/Player/withdrawal_gold
INFO: [ app_init ] --START--
INFO: Run Behavior\BuildLiteBehavior [ RunTime:0.000017s ]
INFO: [ app_init ] --END-- [ RunTime:0.000650s ]
INFO: [ app_begin ] --START--
INFO: Run Behavior\ReadHtmlCacheBehavior [ RunTime:0.000863s ]
INFO: Run Behavior\CheckLangBehavior [ RunTime:0.001480s ]
INFO: [ app_begin ] --END-- [ RunTime:0.002472s ]
SQL: SHOW COLUMNS FROM `t_sys_user` [ RunTime:0.0452s ]
SQL: SELECT * FROM `t_sys_user` WHERE `uid` = 10012 AND `user_role` IN (100210,100220) LIMIT 1   [ RunTime:0.0448s ]
SQL: SHOW COLUMNS FROM `t_user_info` [ RunTime:0.0451s ]
SQL: SELECT * FROM `t_user_info` WHERE ( operator_id = 10012 AND account_id = 'test_player02' ) LIMIT 1   [ RunTime:0.0468s ]

[ 2016-06-20T10:13:20+08:00 ] 127.0.0.1 /V1/Player/get_order_status
INFO: [ app_init ] --START--
INFO: Run Behavior\BuildLiteBehavior [ RunTime:0.000013s ]
INFO: [ app_init ] --END-- [ RunTime:0.000435s ]
INFO: [ app_begin ] --START--
INFO: Run Behavior\ReadHtmlCacheBehavior [ RunTime:0.000849s ]
INFO: Run Behavior\CheckLangBehavior [ RunTime:0.001009s ]
INFO: [ app_begin ] --END-- [ RunTime:0.001979s ]
SQL: SHOW COLUMNS FROM `t_sys_user` [ RunTime:0.0452s ]
SQL: SELECT * FROM `t_sys_user` WHERE `uid` = 10012 AND `user_role` IN (100210,100220) LIMIT 1   [ RunTime:0.0452s ]
SQL: SHOW COLUMNS FROM `t_user_order_info` [ RunTime:0.0449s ]
SQL: SELECT * FROM `t_sys_user` WHERE `uid` = 10012 AND `user_role` IN (100210,100220) LIMIT 1   [ RunTime:0.0447s ]
SQL: SELECT * FROM `t_user_order_info` WHERE ( operator_id = 10012 AND operator_sn = '201606031923010013' ) LIMIT 1   [ RunTime:0.0450s ]
NOTIC: [8] Undefined index: err_code C:\wwwroot\laohu\laohu_api\Application\V1\Service\PlayerService.class.php 第 555 行.
SQL: SHOW COLUMNS FROM `t_user_info` [ RunTime:0.0459s ]
SQL: SELECT * FROM `t_user_info` WHERE ( user_id = 11018 ) LIMIT 1   [ RunTime:0.0448s ]

[ 2016-06-20T10:40:17+08:00 ] 127.0.0.1 /V1/Player/get_info
INFO: [ app_init ] --START--
INFO: Run Behavior\BuildLiteBehavior [ RunTime:0.000023s ]
INFO: [ app_init ] --END-- [ RunTime:0.001005s ]
INFO: [ app_begin ] --START--
INFO: Run Behavior\ReadHtmlCacheBehavior [ RunTime:0.001511s ]
INFO: Run Behavior\CheckLangBehavior [ RunTime:0.002262s ]
INFO: [ app_begin ] --END-- [ RunTime:0.003941s ]
SQL: SHOW COLUMNS FROM `t_sys_user` [ RunTime:0.0481s ]
SQL: SELECT * FROM `t_sys_user` WHERE `uid` = 10012 AND `user_role` IN (100210,100220) LIMIT 1   [ RunTime:0.0475s ]
SQL: SHOW COLUMNS FROM `t_user_info` [ RunTime:0.0481s ]
SQL: SELECT * FROM `t_user_info` WHERE ( operator_id = 10012 AND account_id = 'test_player02' ) LIMIT 1   [ RunTime:0.0494s ]

[ 2016-06-20T10:40:17+08:00 ] 127.0.0.1 /V1/Player/update_password
INFO: [ app_init ] --START--
INFO: Run Behavior\BuildLiteBehavior [ RunTime:0.000017s ]
INFO: [ app_init ] --END-- [ RunTime:0.000646s ]
INFO: [ app_begin ] --START--
INFO: Run Behavior\ReadHtmlCacheBehavior [ RunTime:0.000816s ]
INFO: Run Behavior\CheckLangBehavior [ RunTime:0.001488s ]
INFO: [ app_begin ] --END-- [ RunTime:0.002431s ]
SQL: SHOW COLUMNS FROM `t_sys_user` [ RunTime:0.0451s ]
SQL: SELECT * FROM `t_sys_user` WHERE `uid` = 10012 AND `user_role` IN (100210,100220) LIMIT 1   [ RunTime:0.0445s ]
SQL: SHOW COLUMNS FROM `t_user_info` [ RunTime:0.0476s ]
SQL: SELECT * FROM `t_user_info` WHERE ( operator_id = 10012 AND account_id = 'test_player02' ) LIMIT 1   [ RunTime:0.0497s ]

[ 2016-06-20T10:40:18+08:00 ] 127.0.0.1 /V1/Player/frozen_player
INFO: [ app_init ] --START--
INFO: Run Behavior\BuildLiteBehavior [ RunTime:0.000016s ]
INFO: [ app_init ] --END-- [ RunTime:0.000915s ]
INFO: [ app_begin ] --START--
INFO: Run Behavior\ReadHtmlCacheBehavior [ RunTime:0.001014s ]
INFO: Run Behavior\CheckLangBehavior [ RunTime:0.001657s ]
INFO: [ app_begin ] --END-- [ RunTime:0.002784s ]
SQL: SHOW COLUMNS FROM `t_sys_user` [ RunTime:0.0476s ]
SQL: SELECT * FROM `t_sys_user` WHERE `uid` = 10012 AND `user_role` IN (100210,100220) LIMIT 1   [ RunTime:0.0445s ]
SQL: SHOW COLUMNS FROM `t_user_info` [ RunTime:0.0474s ]
SQL: SELECT * FROM `t_user_info` WHERE ( operator_id = 10012 AND account_id = 'test_player02' ) LIMIT 1   [ RunTime:0.0468s ]

[ 2016-06-20T10:40:19+08:00 ] 127.0.0.1 /V1/Player/get_all_spindata
INFO: [ app_init ] --START--
INFO: Run Behavior\BuildLiteBehavior [ RunTime:0.000022s ]
INFO: [ app_init ] --END-- [ RunTime:0.000648s ]
INFO: [ app_begin ] --START--
INFO: Run Behavior\ReadHtmlCacheBehavior [ RunTime:0.001020s ]
INFO: Run Behavior\CheckLangBehavior [ RunTime:0.001388s ]
INFO: [ app_begin ] --END-- [ RunTime:0.002522s ]
SQL: SHOW COLUMNS FROM `t_sys_user` [ RunTime:0.0473s ]
SQL: SELECT * FROM `t_sys_user` WHERE `uid` = 10012 AND `user_role` IN (100210,100220) LIMIT 1   [ RunTime:0.0486s ]

[ 2016-06-20T10:40:19+08:00 ] 127.0.0.1 /V1/Player/deposit_gold
INFO: [ app_init ] --START--
INFO: Run Behavior\BuildLiteBehavior [ RunTime:0.000024s ]
INFO: [ app_init ] --END-- [ RunTime:0.000886s ]
INFO: [ app_begin ] --START--
INFO: Run Behavior\ReadHtmlCacheBehavior [ RunTime:0.000996s ]
INFO: Run Behavior\CheckLangBehavior [ RunTime:0.002054s ]
INFO: [ app_begin ] --END-- [ RunTime:0.003193s ]
SQL: SHOW COLUMNS FROM `t_sys_user` [ RunTime:0.0480s ]
SQL: SELECT * FROM `t_sys_user` WHERE `uid` = 10012 AND `user_role` IN (100210,100220) LIMIT 1   [ RunTime:0.0475s ]
SQL: SHOW COLUMNS FROM `t_user_info` [ RunTime:0.0477s ]
SQL: SELECT * FROM `t_user_info` WHERE ( operator_id = 10012 AND account_id = 'test_player02' ) LIMIT 1   [ RunTime:0.0493s ]

[ 2016-06-20T10:40:19+08:00 ] 127.0.0.1 /V1/Player/withdrawal_gold
INFO: [ app_init ] --START--
INFO: Run Behavior\BuildLiteBehavior [ RunTime:0.000016s ]
INFO: [ app_init ] --END-- [ RunTime:0.000776s ]
INFO: [ app_begin ] --START--
INFO: Run Behavior\ReadHtmlCacheBehavior [ RunTime:0.001273s ]
INFO: Run Behavior\CheckLangBehavior [ RunTime:0.001556s ]
INFO: [ app_begin ] --END-- [ RunTime:0.003003s ]
SQL: SHOW COLUMNS FROM `t_sys_user` [ RunTime:0.0451s ]
SQL: SELECT * FROM `t_sys_user` WHERE `uid` = 10012 AND `user_role` IN (100210,100220) LIMIT 1   [ RunTime:0.0464s ]
SQL: SHOW COLUMNS FROM `t_user_info` [ RunTime:0.0453s ]
SQL: SELECT * FROM `t_user_info` WHERE ( operator_id = 10012 AND account_id = 'test_player02' ) LIMIT 1   [ RunTime:0.0460s ]

[ 2016-06-20T10:40:20+08:00 ] 127.0.0.1 /V1/Player/get_order_status
INFO: [ app_init ] --START--
INFO: Run Behavior\BuildLiteBehavior [ RunTime:0.000012s ]
INFO: [ app_init ] --END-- [ RunTime:0.000488s ]
INFO: [ app_begin ] --START--
INFO: Run Behavior\ReadHtmlCacheBehavior [ RunTime:0.000592s ]
INFO: Run Behavior\CheckLangBehavior [ RunTime:0.000884s ]
INFO: [ app_begin ] --END-- [ RunTime:0.001567s ]
SQL: SHOW COLUMNS FROM `t_sys_user` [ RunTime:0.0475s ]
SQL: SELECT * FROM `t_sys_user` WHERE `uid` = 10012 AND `user_role` IN (100210,100220) LIMIT 1   [ RunTime:0.0450s ]
SQL: SHOW COLUMNS FROM `t_user_order_info` [ RunTime:0.0449s ]
SQL: SELECT * FROM `t_sys_user` WHERE `uid` = 10012 AND `user_role` IN (100210,100220) LIMIT 1   [ RunTime:0.0444s ]
SQL: SELECT * FROM `t_user_order_info` WHERE ( operator_id = 10012 AND operator_sn = '201606031923010013' ) LIMIT 1   [ RunTime:0.0443s ]
NOTIC: [8] Undefined index: err_code C:\wwwroot\laohu\laohu_api\Application\V1\Service\PlayerService.class.php 第 557 行.
SQL: SHOW COLUMNS FROM `t_user_info` [ RunTime:0.0476s ]
SQL: SELECT * FROM `t_user_info` WHERE ( user_id = 11018 ) LIMIT 1   [ RunTime:0.0451s ]

[ 2016-06-20T10:47:09+08:00 ] 127.0.0.1 /V1/Player/get_info
INFO: [ app_init ] --START--
INFO: Run Behavior\BuildLiteBehavior [ RunTime:0.000017s ]
INFO: [ app_init ] --END-- [ RunTime:0.000697s ]
INFO: [ app_begin ] --START--
INFO: Run Behavior\ReadHtmlCacheBehavior [ RunTime:0.001086s ]
INFO: Run Behavior\CheckLangBehavior [ RunTime:0.001690s ]
INFO: [ app_begin ] --END-- [ RunTime:0.002906s ]
SQL: SHOW COLUMNS FROM `t_sys_user` [ RunTime:0.0474s ]
SQL: SELECT * FROM `t_sys_user` WHERE `uid` = 10012 AND `user_role` IN (100210,100220) LIMIT 1   [ RunTime:0.0469s ]
SQL: SHOW COLUMNS FROM `t_user_info` [ RunTime:0.0475s ]
SQL: SELECT * FROM `t_user_info` WHERE ( operator_id = 10012 AND account_id = 'test_player02' ) LIMIT 1   [ RunTime:0.0495s ]

[ 2016-06-20T10:47:09+08:00 ] 127.0.0.1 /V1/Player/update_password
INFO: [ app_init ] --START--
INFO: Run Behavior\BuildLiteBehavior [ RunTime:0.000014s ]
INFO: [ app_init ] --END-- [ RunTime:0.000564s ]
INFO: [ app_begin ] --START--
INFO: Run Behavior\ReadHtmlCacheBehavior [ RunTime:0.000606s ]
INFO: Run Behavior\CheckLangBehavior [ RunTime:0.000978s ]
INFO: [ app_begin ] --END-- [ RunTime:0.001667s ]
SQL: SHOW COLUMNS FROM `t_sys_user` [ RunTime:0.0454s ]
SQL: SELECT * FROM `t_sys_user` WHERE `uid` = 10012 AND `user_role` IN (100210,100220) LIMIT 1   [ RunTime:0.0454s ]
SQL: SHOW COLUMNS FROM `t_user_info` [ RunTime:0.0455s ]
SQL: SELECT * FROM `t_user_info` WHERE ( operator_id = 10012 AND account_id = 'test_player02' ) LIMIT 1   [ RunTime:0.0460s ]

[ 2016-06-20T10:47:10+08:00 ] 127.0.0.1 /V1/Player/frozen_player
INFO: [ app_init ] --START--
INFO: Run Behavior\BuildLiteBehavior [ RunTime:0.000021s ]
INFO: [ app_init ] --END-- [ RunTime:0.000897s ]
INFO: [ app_begin ] --START--
INFO: Run Behavior\ReadHtmlCacheBehavior [ RunTime:0.001026s ]
INFO: Run Behavior\CheckLangBehavior [ RunTime:0.001793s ]
INFO: [ app_begin ] --END-- [ RunTime:0.002972s ]
SQL: SHOW COLUMNS FROM `t_sys_user` [ RunTime:0.0459s ]
SQL: SELECT * FROM `t_sys_user` WHERE `uid` = 10012 AND `user_role` IN (100210,100220) LIMIT 1   [ RunTime:0.0467s ]
SQL: SHOW COLUMNS FROM `t_user_info` [ RunTime:0.0480s ]
SQL: SELECT * FROM `t_user_info` WHERE ( operator_id = 10012 AND account_id = 'test_player02' ) LIMIT 1   [ RunTime:0.0463s ]

[ 2016-06-20T10:47:10+08:00 ] 127.0.0.1 /V1/Player/get_all_spindata
INFO: [ app_init ] --START--
INFO: Run Behavior\BuildLiteBehavior [ RunTime:0.000021s ]
INFO: [ app_init ] --END-- [ RunTime:0.000818s ]
INFO: [ app_begin ] --START--
INFO: Run Behavior\ReadHtmlCacheBehavior [ RunTime:0.000873s ]
INFO: Run Behavior\CheckLangBehavior [ RunTime:0.001581s ]
INFO: [ app_begin ] --END-- [ RunTime:0.002590s ]
SQL: SHOW COLUMNS FROM `t_sys_user` [ RunTime:0.0476s ]
SQL: SELECT * FROM `t_sys_user` WHERE `uid` = 10012 AND `user_role` IN (100210,100220) LIMIT 1   [ RunTime:0.0481s ]
NOTIC: [2] date() expects parameter 2 to be long, string given C:\wwwroot\laohu\laohu_api\Application\V1\Service\PlayerService.class.php 第 375 行.
SQL: SHOW COLUMNS FROM `spin_log` [ RunTime:0.0453s ]
NOTIC: [8] Undefined index: operator_id C:\wwwroot\laohu\laohu_api\Application\V1\Service\PlayerService.class.php 第 400 行.
NOTIC: [8] Undefined variable: account_id C:\wwwroot\laohu\laohu_api\Application\V1\Model\SpinLogModel.class.php 第 62 行.

[ 2016-06-20T10:47:11+08:00 ] 127.0.0.1 /V1/Player/deposit_gold
INFO: [ app_init ] --START--
INFO: Run Behavior\BuildLiteBehavior [ RunTime:0.000017s ]
INFO: [ app_init ] --END-- [ RunTime:0.000573s ]
INFO: [ app_begin ] --START--
INFO: Run Behavior\ReadHtmlCacheBehavior [ RunTime:0.000819s ]
INFO: Run Behavior\CheckLangBehavior [ RunTime:0.001194s ]
INFO: [ app_begin ] --END-- [ RunTime:0.002127s ]
SQL: SHOW COLUMNS FROM `t_sys_user` [ RunTime:0.0451s ]
SQL: SELECT * FROM `t_sys_user` WHERE `uid` = 10012 AND `user_role` IN (100210,100220) LIMIT 1   [ RunTime:0.0438s ]
SQL: SHOW COLUMNS FROM `t_user_info` [ RunTime:0.0446s ]
SQL: SELECT * FROM `t_user_info` WHERE ( operator_id = 10012 AND account_id = 'test_player02' ) LIMIT 1   [ RunTime:0.0461s ]

[ 2016-06-20T10:47:12+08:00 ] 127.0.0.1 /V1/Player/withdrawal_gold
INFO: [ app_init ] --START--
INFO: Run Behavior\BuildLiteBehavior [ RunTime:0.000012s ]
INFO: [ app_init ] --END-- [ RunTime:0.000607s ]
INFO: [ app_begin ] --START--
INFO: Run Behavior\ReadHtmlCacheBehavior [ RunTime:0.000736s ]
INFO: Run Behavior\CheckLangBehavior [ RunTime:0.001614s ]
INFO: [ app_begin ] --END-- [ RunTime:0.002446s ]
SQL: SHOW COLUMNS FROM `t_sys_user` [ RunTime:0.0461s ]
SQL: SELECT * FROM `t_sys_user` WHERE `uid` = 10012 AND `user_role` IN (100210,100220) LIMIT 1   [ RunTime:0.0447s ]
SQL: SHOW COLUMNS FROM `t_user_info` [ RunTime:0.0470s ]
SQL: SELECT * FROM `t_user_info` WHERE ( operator_id = 10012 AND account_id = 'test_player02' ) LIMIT 1   [ RunTime:0.0480s ]

[ 2016-06-20T10:47:12+08:00 ] 127.0.0.1 /V1/Player/get_order_status
INFO: [ app_init ] --START--
INFO: Run Behavior\BuildLiteBehavior [ RunTime:0.000017s ]
INFO: [ app_init ] --END-- [ RunTime:0.000776s ]
INFO: [ app_begin ] --START--
INFO: Run Behavior\ReadHtmlCacheBehavior [ RunTime:0.001126s ]
INFO: Run Behavior\CheckLangBehavior [ RunTime:0.002268s ]
INFO: [ app_begin ] --END-- [ RunTime:0.003604s ]
SQL: SHOW COLUMNS FROM `t_sys_user` [ RunTime:0.0449s ]
SQL: SELECT * FROM `t_sys_user` WHERE `uid` = 10012 AND `user_role` IN (100210,100220) LIMIT 1   [ RunTime:0.0449s ]
SQL: SHOW COLUMNS FROM `t_user_order_info` [ RunTime:0.0449s ]
SQL: SELECT * FROM `t_sys_user` WHERE `uid` = 10012 AND `user_role` IN (100210,100220) LIMIT 1   [ RunTime:0.0451s ]
SQL: SELECT * FROM `t_user_order_info` WHERE ( operator_id = 10012 AND operator_sn = '201606031923010013' ) LIMIT 1   [ RunTime:0.0453s ]
NOTIC: [8] Undefined index: err_code C:\wwwroot\laohu\laohu_api\Application\V1\Service\PlayerService.class.php 第 557 行.
SQL: SHOW COLUMNS FROM `t_user_info` [ RunTime:0.0491s ]
SQL: SELECT * FROM `t_user_info` WHERE ( user_id = 11018 ) LIMIT 1   [ RunTime:0.0461s ]

[ 2016-06-20T10:47:40+08:00 ] 127.0.0.1 /V1/Player/get_info
INFO: [ app_init ] --START--
INFO: Run Behavior\BuildLiteBehavior [ RunTime:0.000013s ]
INFO: [ app_init ] --END-- [ RunTime:0.000610s ]
INFO: [ app_begin ] --START--
INFO: Run Behavior\ReadHtmlCacheBehavior [ RunTime:0.000727s ]
INFO: Run Behavior\CheckLangBehavior [ RunTime:0.001095s ]
INFO: [ app_begin ] --END-- [ RunTime:0.001910s ]
SQL: SHOW COLUMNS FROM `t_sys_user` [ RunTime:0.0471s ]
SQL: SELECT * FROM `t_sys_user` WHERE `uid` = 10012 AND `user_role` IN (100210,100220) LIMIT 1   [ RunTime:0.0469s ]
SQL: SHOW COLUMNS FROM `t_user_info` [ RunTime:0.0473s ]
SQL: SELECT * FROM `t_user_info` WHERE ( operator_id = 10012 AND account_id = 'test_player02' ) LIMIT 1   [ RunTime:0.0477s ]

[ 2016-06-20T10:47:41+08:00 ] 127.0.0.1 /V1/Player/update_password
INFO: [ app_init ] --START--
INFO: Run Behavior\BuildLiteBehavior [ RunTime:0.000021s ]
INFO: [ app_init ] --END-- [ RunTime:0.000924s ]
INFO: [ app_begin ] --START--
INFO: Run Behavior\ReadHtmlCacheBehavior [ RunTime:0.001128s ]
INFO: Run Behavior\CheckLangBehavior [ RunTime:0.001782s ]
INFO: [ app_begin ] --END-- [ RunTime:0.003133s ]
SQL: SHOW COLUMNS FROM `t_sys_user` [ RunTime:0.0455s ]
SQL: SELECT * FROM `t_sys_user` WHERE `uid` = 10012 AND `user_role` IN (100210,100220) LIMIT 1   [ RunTime:0.0451s ]
SQL: SHOW COLUMNS FROM `t_user_info` [ RunTime:0.0465s ]
SQL: SELECT * FROM `t_user_info` WHERE ( operator_id = 10012 AND account_id = 'test_player02' ) LIMIT 1   [ RunTime:0.0482s ]

[ 2016-06-20T10:47:41+08:00 ] 127.0.0.1 /V1/Player/frozen_player
INFO: [ app_init ] --START--
INFO: Run Behavior\BuildLiteBehavior [ RunTime:0.000015s ]
INFO: [ app_init ] --END-- [ RunTime:0.000575s ]
INFO: [ app_begin ] --START--
INFO: Run Behavior\ReadHtmlCacheBehavior [ RunTime:0.000715s ]
INFO: Run Behavior\CheckLangBehavior [ RunTime:0.001297s ]
INFO: [ app_begin ] --END-- [ RunTime:0.002120s ]
SQL: SHOW COLUMNS FROM `t_sys_user` [ RunTime:0.0456s ]
SQL: SELECT * FROM `t_sys_user` WHERE `uid` = 10012 AND `user_role` IN (100210,100220) LIMIT 1   [ RunTime:0.0449s ]
SQL: SHOW COLUMNS FROM `t_user_info` [ RunTime:0.0462s ]
SQL: SELECT * FROM `t_user_info` WHERE ( operator_id = 10012 AND account_id = 'test_player02' ) LIMIT 1   [ RunTime:0.0481s ]

[ 2016-06-20T10:47:42+08:00 ] 127.0.0.1 /V1/Player/get_all_spindata
INFO: [ app_init ] --START--
INFO: Run Behavior\BuildLiteBehavior [ RunTime:0.000024s ]
INFO: [ app_init ] --END-- [ RunTime:0.001350s ]
INFO: [ app_begin ] --START--
INFO: Run Behavior\ReadHtmlCacheBehavior [ RunTime:0.001058s ]
INFO: Run Behavior\CheckLangBehavior [ RunTime:0.001867s ]
INFO: [ app_begin ] --END-- [ RunTime:0.003069s ]
SQL: SHOW COLUMNS FROM `t_sys_user` [ RunTime:0.0454s ]
SQL: SELECT * FROM `t_sys_user` WHERE `uid` = 10012 AND `user_role` IN (100210,100220) LIMIT 1   [ RunTime:0.0444s ]
NOTIC: [2] date() expects parameter 2 to be long, string given C:\wwwroot\laohu\laohu_api\Application\V1\Service\PlayerService.class.php 第 375 行.
SQL: SHOW COLUMNS FROM `spin_log` [ RunTime:0.0477s ]
NOTIC: [8] Undefined index: operator_id C:\wwwroot\laohu\laohu_api\Application\V1\Service\PlayerService.class.php 第 400 行.
NOTIC: [8] Undefined variable: account_id C:\wwwroot\laohu\laohu_api\Application\V1\Model\SpinLogModel.class.php 第 62 行.

[ 2016-06-20T10:47:42+08:00 ] 127.0.0.1 /V1/Player/deposit_gold
INFO: [ app_init ] --START--
INFO: Run Behavior\BuildLiteBehavior [ RunTime:0.000021s ]
INFO: [ app_init ] --END-- [ RunTime:0.000958s ]
INFO: [ app_begin ] --START--
INFO: Run Behavior\ReadHtmlCacheBehavior [ RunTime:0.000960s ]
INFO: Run Behavior\CheckLangBehavior [ RunTime:0.002433s ]
INFO: [ app_begin ] --END-- [ RunTime:0.003543s ]
SQL: SHOW COLUMNS FROM `t_sys_user` [ RunTime:0.0471s ]
SQL: SELECT * FROM `t_sys_user` WHERE `uid` = 10012 AND `user_role` IN (100210,100220) LIMIT 1   [ RunTime:0.0457s ]
SQL: SHOW COLUMNS FROM `t_user_info` [ RunTime:0.0456s ]
SQL: SELECT * FROM `t_user_info` WHERE ( operator_id = 10012 AND account_id = 'test_player02' ) LIMIT 1   [ RunTime:0.0502s ]

[ 2016-06-20T10:47:43+08:00 ] 127.0.0.1 /V1/Player/withdrawal_gold
INFO: [ app_init ] --START--
INFO: Run Behavior\BuildLiteBehavior [ RunTime:0.000025s ]
INFO: [ app_init ] --END-- [ RunTime:0.001135s ]
INFO: [ app_begin ] --START--
INFO: Run Behavior\ReadHtmlCacheBehavior [ RunTime:0.001086s ]
INFO: Run Behavior\CheckLangBehavior [ RunTime:0.001697s ]
INFO: [ app_begin ] --END-- [ RunTime:0.002926s ]
SQL: SHOW COLUMNS FROM `t_sys_user` [ RunTime:0.0455s ]
SQL: SELECT * FROM `t_sys_user` WHERE `uid` = 10012 AND `user_role` IN (100210,100220) LIMIT 1   [ RunTime:0.0446s ]
SQL: SHOW COLUMNS FROM `t_user_info` [ RunTime:0.0463s ]
SQL: SELECT * FROM `t_user_info` WHERE ( operator_id = 10012 AND account_id = 'test_player02' ) LIMIT 1   [ RunTime:0.0511s ]

[ 2016-06-20T10:47:43+08:00 ] 127.0.0.1 /V1/Player/get_order_status
INFO: [ app_init ] --START--
INFO: Run Behavior\BuildLiteBehavior [ RunTime:0.000037s ]
INFO: [ app_init ] --END-- [ RunTime:0.001523s ]
INFO: [ app_begin ] --START--
INFO: Run Behavior\ReadHtmlCacheBehavior [ RunTime:0.002061s ]
INFO: Run Behavior\CheckLangBehavior [ RunTime:0.003068s ]
INFO: [ app_begin ] --END-- [ RunTime:0.005422s ]
SQL: SHOW COLUMNS FROM `t_sys_user` [ RunTime:0.0486s ]
SQL: SELECT * FROM `t_sys_user` WHERE `uid` = 10012 AND `user_role` IN (100210,100220) LIMIT 1   [ RunTime:0.0468s ]
SQL: SHOW COLUMNS FROM `t_user_order_info` [ RunTime:0.0473s ]
SQL: SELECT * FROM `t_sys_user` WHERE `uid` = 10012 AND `user_role` IN (100210,100220) LIMIT 1   [ RunTime:0.0469s ]
SQL: SELECT * FROM `t_user_order_info` WHERE ( operator_id = 10012 AND operator_sn = '201606031923010013' ) LIMIT 1   [ RunTime:0.0470s ]
NOTIC: [8] Undefined index: err_code C:\wwwroot\laohu\laohu_api\Application\V1\Service\PlayerService.class.php 第 557 行.
SQL: SHOW COLUMNS FROM `t_user_info` [ RunTime:0.0490s ]
SQL: SELECT * FROM `t_user_info` WHERE ( user_id = 11018 ) LIMIT 1   [ RunTime:0.0487s ]

[ 2016-06-20T10:47:57+08:00 ] 127.0.0.1 /V1/Player/get_info
INFO: [ app_init ] --START--
INFO: Run Behavior\BuildLiteBehavior [ RunTime:0.000021s ]
INFO: [ app_init ] --END-- [ RunTime:0.000529s ]
INFO: [ app_begin ] --START--
INFO: Run Behavior\ReadHtmlCacheBehavior [ RunTime:0.000707s ]
INFO: Run Behavior\CheckLangBehavior [ RunTime:0.001090s ]
INFO: [ app_begin ] --END-- [ RunTime:0.001899s ]
SQL: SHOW COLUMNS FROM `t_sys_user` [ RunTime:0.0451s ]
SQL: SELECT * FROM `t_sys_user` WHERE `uid` = 10012 AND `user_role` IN (100210,100220) LIMIT 1   [ RunTime:0.0443s ]
SQL: SHOW COLUMNS FROM `t_user_info` [ RunTime:0.0446s ]
SQL: SELECT * FROM `t_user_info` WHERE ( operator_id = 10012 AND account_id = 'test_player02' ) LIMIT 1   [ RunTime:0.0454s ]

[ 2016-06-20T10:47:58+08:00 ] 127.0.0.1 /V1/Player/update_password
INFO: [ app_init ] --START--
INFO: Run Behavior\BuildLiteBehavior [ RunTime:0.000013s ]
INFO: [ app_init ] --END-- [ RunTime:0.000642s ]
INFO: [ app_begin ] --START--
INFO: Run Behavior\ReadHtmlCacheBehavior [ RunTime:0.000701s ]
INFO: Run Behavior\CheckLangBehavior [ RunTime:0.002499s ]
INFO: [ app_begin ] --END-- [ RunTime:0.003322s ]
SQL: SHOW COLUMNS FROM `t_sys_user` [ RunTime:0.0476s ]
SQL: SELECT * FROM `t_sys_user` WHERE `uid` = 10012 AND `user_role` IN (100210,100220) LIMIT 1   [ RunTime:0.0470s ]
SQL: SHOW COLUMNS FROM `t_user_info` [ RunTime:0.0485s ]
SQL: SELECT * FROM `t_user_info` WHERE ( operator_id = 10012 AND account_id = 'test_player02' ) LIMIT 1   [ RunTime:0.0523s ]

[ 2016-06-20T10:47:58+08:00 ] 127.0.0.1 /V1/Player/frozen_player
INFO: [ app_init ] --START--
INFO: Run Behavior\BuildLiteBehavior [ RunTime:0.000022s ]
INFO: [ app_init ] --END-- [ RunTime:0.001390s ]
INFO: [ app_begin ] --START--
INFO: Run Behavior\ReadHtmlCacheBehavior [ RunTime:0.001123s ]
INFO: Run Behavior\CheckLangBehavior [ RunTime:0.002232s ]
INFO: [ app_begin ] --END-- [ RunTime:0.003540s ]
SQL: SHOW COLUMNS FROM `t_sys_user` [ RunTime:0.0483s ]
SQL: SELECT * FROM `t_sys_user` WHERE `uid` = 10012 AND `user_role` IN (100210,100220) LIMIT 1   [ RunTime:0.0467s ]
SQL: SHOW COLUMNS FROM `t_user_info` [ RunTime:0.0480s ]
SQL: SELECT * FROM `t_user_info` WHERE ( operator_id = 10012 AND account_id = 'test_player02' ) LIMIT 1   [ RunTime:0.0493s ]

[ 2016-06-20T10:47:59+08:00 ] 127.0.0.1 /V1/Player/get_all_spindata
INFO: [ app_init ] --START--
INFO: Run Behavior\BuildLiteBehavior [ RunTime:0.000013s ]
INFO: [ app_init ] --END-- [ RunTime:0.000520s ]
INFO: [ app_begin ] --START--
INFO: Run Behavior\ReadHtmlCacheBehavior [ RunTime:0.000688s ]
INFO: Run Behavior\CheckLangBehavior [ RunTime:0.001302s ]
INFO: [ app_begin ] --END-- [ RunTime:0.002102s ]
SQL: SHOW COLUMNS FROM `t_sys_user` [ RunTime:0.0480s ]
SQL: SELECT * FROM `t_sys_user` WHERE `uid` = 10012 AND `user_role` IN (100210,100220) LIMIT 1   [ RunTime:0.0454s ]
NOTIC: [2] date() expects parameter 2 to be long, string given C:\wwwroot\laohu\laohu_api\Application\V1\Service\PlayerService.class.php 第 375 行.
SQL: SHOW COLUMNS FROM `spin_log` [ RunTime:0.0451s ]
NOTIC: [8] Undefined index: operator_id C:\wwwroot\laohu\laohu_api\Application\V1\Service\PlayerService.class.php 第 400 行.
NOTIC: [8] Undefined variable: account_id C:\wwwroot\laohu\laohu_api\Application\V1\Model\SpinLogModel.class.php 第 62 行.

[ 2016-06-20T10:47:59+08:00 ] 127.0.0.1 /V1/Player/deposit_gold
INFO: [ app_init ] --START--
INFO: Run Behavior\BuildLiteBehavior [ RunTime:0.000023s ]
INFO: [ app_init ] --END-- [ RunTime:0.000791s ]
INFO: [ app_begin ] --START--
INFO: Run Behavior\ReadHtmlCacheBehavior [ RunTime:0.000860s ]
INFO: Run Behavior\CheckLangBehavior [ RunTime:0.001642s ]
INFO: [ app_begin ] --END-- [ RunTime:0.002646s ]
SQL: SHOW COLUMNS FROM `t_sys_user` [ RunTime:0.0455s ]
SQL: SELECT * FROM `t_sys_user` WHERE `uid` = 10012 AND `user_role` IN (100210,100220) LIMIT 1   [ RunTime:0.0487s ]
SQL: SHOW COLUMNS FROM `t_user_info` [ RunTime:0.0455s ]
SQL: SELECT * FROM `t_user_info` WHERE ( operator_id = 10012 AND account_id = 'test_player02' ) LIMIT 1   [ RunTime:0.0457s ]

[ 2016-06-20T10:48:00+08:00 ] 127.0.0.1 /V1/Player/withdrawal_gold
INFO: [ app_init ] --START--
INFO: Run Behavior\BuildLiteBehavior [ RunTime:0.000018s ]
INFO: [ app_init ] --END-- [ RunTime:0.000735s ]
INFO: [ app_begin ] --START--
INFO: Run Behavior\ReadHtmlCacheBehavior [ RunTime:0.000857s ]
INFO: Run Behavior\CheckLangBehavior [ RunTime:0.001559s ]
INFO: [ app_begin ] --END-- [ RunTime:0.002544s ]
SQL: SHOW COLUMNS FROM `t_sys_user` [ RunTime:0.0468s ]
SQL: SELECT * FROM `t_sys_user` WHERE `uid` = 10012 AND `user_role` IN (100210,100220) LIMIT 1   [ RunTime:0.0455s ]
SQL: SHOW COLUMNS FROM `t_user_info` [ RunTime:0.0467s ]
SQL: SELECT * FROM `t_user_info` WHERE ( operator_id = 10012 AND account_id = 'test_player02' ) LIMIT 1   [ RunTime:0.0464s ]

[ 2016-06-20T10:48:00+08:00 ] 127.0.0.1 /V1/Player/get_order_status
INFO: [ app_init ] --START--
INFO: Run Behavior\BuildLiteBehavior [ RunTime:0.000018s ]
INFO: [ app_init ] --END-- [ RunTime:0.000701s ]
INFO: [ app_begin ] --START--
INFO: Run Behavior\ReadHtmlCacheBehavior [ RunTime:0.000928s ]
INFO: Run Behavior\CheckLangBehavior [ RunTime:0.001305s ]
INFO: [ app_begin ] --END-- [ RunTime:0.002356s ]
SQL: SHOW COLUMNS FROM `t_sys_user` [ RunTime:0.0454s ]
SQL: SELECT * FROM `t_sys_user` WHERE `uid` = 10012 AND `user_role` IN (100210,100220) LIMIT 1   [ RunTime:0.0474s ]
SQL: SHOW COLUMNS FROM `t_user_order_info` [ RunTime:0.0448s ]
SQL: SELECT * FROM `t_sys_user` WHERE `uid` = 10012 AND `user_role` IN (100210,100220) LIMIT 1   [ RunTime:0.0449s ]
SQL: SELECT * FROM `t_user_order_info` WHERE ( operator_id = 10012 AND operator_sn = '201606031923010013' ) LIMIT 1   [ RunTime:0.0456s ]
NOTIC: [8] Undefined index: err_code C:\wwwroot\laohu\laohu_api\Application\V1\Service\PlayerService.class.php 第 557 行.
SQL: SHOW COLUMNS FROM `t_user_info` [ RunTime:0.0468s ]
SQL: SELECT * FROM `t_user_info` WHERE ( user_id = 11018 ) LIMIT 1   [ RunTime:0.0451s ]

[ 2016-06-20T10:48:10+08:00 ] 127.0.0.1 /V1/Player/get_info
INFO: [ app_init ] --START--
INFO: Run Behavior\BuildLiteBehavior [ RunTime:0.000023s ]
INFO: [ app_init ] --END-- [ RunTime:0.001244s ]
INFO: [ app_begin ] --START--
INFO: Run Behavior\ReadHtmlCacheBehavior [ RunTime:0.000933s ]
INFO: Run Behavior\CheckLangBehavior [ RunTime:0.001798s ]
INFO: [ app_begin ] --END-- [ RunTime:0.002873s ]
SQL: SHOW COLUMNS FROM `t_sys_user` [ RunTime:0.0483s ]
SQL: SELECT * FROM `t_sys_user` WHERE `uid` = 10012 AND `user_role` IN (100210,100220) LIMIT 1   [ RunTime:0.0466s ]
SQL: SHOW COLUMNS FROM `t_user_info` [ RunTime:0.0478s ]
SQL: SELECT * FROM `t_user_info` WHERE ( operator_id = 10012 AND account_id = 'test_player02' ) LIMIT 1   [ RunTime:0.0489s ]

[ 2016-06-20T10:48:10+08:00 ] 127.0.0.1 /V1/Player/update_password
INFO: [ app_init ] --START--
INFO: Run Behavior\BuildLiteBehavior [ RunTime:0.000017s ]
INFO: [ app_init ] --END-- [ RunTime:0.000703s ]
INFO: [ app_begin ] --START--
INFO: Run Behavior\ReadHtmlCacheBehavior [ RunTime:0.000864s ]
INFO: Run Behavior\CheckLangBehavior [ RunTime:0.001420s ]
INFO: [ app_begin ] --END-- [ RunTime:0.002396s ]
SQL: SHOW COLUMNS FROM `t_sys_user` [ RunTime:0.0453s ]
SQL: SELECT * FROM `t_sys_user` WHERE `uid` = 10012 AND `user_role` IN (100210,100220) LIMIT 1   [ RunTime:0.0450s ]
SQL: SHOW COLUMNS FROM `t_user_info` [ RunTime:0.0467s ]
SQL: SELECT * FROM `t_user_info` WHERE ( operator_id = 10012 AND account_id = 'test_player02' ) LIMIT 1   [ RunTime:0.2906s ]

[ 2016-06-20T10:48:11+08:00 ] 127.0.0.1 /V1/Player/frozen_player
INFO: [ app_init ] --START--
INFO: Run Behavior\BuildLiteBehavior [ RunTime:0.000018s ]
INFO: [ app_init ] --END-- [ RunTime:0.000805s ]
INFO: [ app_begin ] --START--
INFO: Run Behavior\ReadHtmlCacheBehavior [ RunTime:0.000865s ]
INFO: Run Behavior\CheckLangBehavior [ RunTime:0.001587s ]
INFO: [ app_begin ] --END-- [ RunTime:0.002577s ]
SQL: SHOW COLUMNS FROM `t_sys_user` [ RunTime:0.0462s ]
SQL: SELECT * FROM `t_sys_user` WHERE `uid` = 10012 AND `user_role` IN (100210,100220) LIMIT 1   [ RunTime:0.0457s ]
SQL: SHOW COLUMNS FROM `t_user_info` [ RunTime:0.0460s ]
SQL: SELECT * FROM `t_user_info` WHERE ( operator_id = 10012 AND account_id = 'test_player02' ) LIMIT 1   [ RunTime:0.0465s ]

[ 2016-06-20T10:48:11+08:00 ] 127.0.0.1 /V1/Player/get_all_spindata
INFO: [ app_init ] --START--
INFO: Run Behavior\BuildLiteBehavior [ RunTime:0.000027s ]
INFO: [ app_init ] --END-- [ RunTime:0.000730s ]
INFO: [ app_begin ] --START--
INFO: Run Behavior\ReadHtmlCacheBehavior [ RunTime:0.000767s ]
INFO: Run Behavior\CheckLangBehavior [ RunTime:0.001238s ]
INFO: [ app_begin ] --END-- [ RunTime:0.002121s ]
SQL: SHOW COLUMNS FROM `t_sys_user` [ RunTime:0.0475s ]
SQL: SELECT * FROM `t_sys_user` WHERE `uid` = 10012 AND `user_role` IN (100210,100220) LIMIT 1   [ RunTime:0.0466s ]
NOTIC: [2] date() expects parameter 2 to be long, string given C:\wwwroot\laohu\laohu_api\Application\V1\Service\PlayerService.class.php 第 375 行.
SQL: SHOW COLUMNS FROM `spin_log` [ RunTime:0.0445s ]
NOTIC: [8] Undefined index: operator_id C:\wwwroot\laohu\laohu_api\Application\V1\Service\PlayerService.class.php 第 400 行.
NOTIC: [8] Undefined variable: account_id C:\wwwroot\laohu\laohu_api\Application\V1\Model\SpinLogModel.class.php 第 62 行.

[ 2016-06-20T10:48:12+08:00 ] 127.0.0.1 /V1/Player/deposit_gold
INFO: [ app_init ] --START--
INFO: Run Behavior\BuildLiteBehavior [ RunTime:0.000011s ]
INFO: [ app_init ] --END-- [ RunTime:0.000549s ]
INFO: [ app_begin ] --START--
INFO: Run Behavior\ReadHtmlCacheBehavior [ RunTime:0.000756s ]
INFO: Run Behavior\CheckLangBehavior [ RunTime:0.001320s ]
INFO: [ app_begin ] --END-- [ RunTime:0.002160s ]
SQL: SHOW COLUMNS FROM `t_sys_user` [ RunTime:0.0475s ]
SQL: SELECT * FROM `t_sys_user` WHERE `uid` = 10012 AND `user_role` IN (100210,100220) LIMIT 1   [ RunTime:0.0476s ]
SQL: SHOW COLUMNS FROM `t_user_info` [ RunTime:0.0470s ]
SQL: SELECT * FROM `t_user_info` WHERE ( operator_id = 10012 AND account_id = 'test_player02' ) LIMIT 1   [ RunTime:0.0577s ]

[ 2016-06-20T10:48:13+08:00 ] 127.0.0.1 /V1/Player/withdrawal_gold
INFO: [ app_init ] --START--
INFO: Run Behavior\BuildLiteBehavior [ RunTime:0.000018s ]
INFO: [ app_init ] --END-- [ RunTime:0.000750s ]
INFO: [ app_begin ] --START--
INFO: Run Behavior\ReadHtmlCacheBehavior [ RunTime:0.000917s ]
INFO: Run Behavior\CheckLangBehavior [ RunTime:0.001920s ]
INFO: [ app_begin ] --END-- [ RunTime:0.002962s ]
SQL: SHOW COLUMNS FROM `t_sys_user` [ RunTime:0.0485s ]
SQL: SELECT * FROM `t_sys_user` WHERE `uid` = 10012 AND `user_role` IN (100210,100220) LIMIT 1   [ RunTime:0.0478s ]
SQL: SHOW COLUMNS FROM `t_user_info` [ RunTime:0.0484s ]
SQL: SELECT * FROM `t_user_info` WHERE ( operator_id = 10012 AND account_id = 'test_player02' ) LIMIT 1   [ RunTime:0.0494s ]

[ 2016-06-20T10:48:13+08:00 ] 127.0.0.1 /V1/Player/get_order_status
INFO: [ app_init ] --START--
INFO: Run Behavior\BuildLiteBehavior [ RunTime:0.000025s ]
INFO: [ app_init ] --END-- [ RunTime:0.000766s ]
INFO: [ app_begin ] --START--
INFO: Run Behavior\ReadHtmlCacheBehavior [ RunTime:0.000911s ]
INFO: Run Behavior\CheckLangBehavior [ RunTime:0.001501s ]
INFO: [ app_begin ] --END-- [ RunTime:0.002530s ]
SQL: SHOW COLUMNS FROM `t_sys_user` [ RunTime:0.0448s ]
SQL: SELECT * FROM `t_sys_user` WHERE `uid` = 10012 AND `user_role` IN (100210,100220) LIMIT 1   [ RunTime:0.0454s ]
SQL: SHOW COLUMNS FROM `t_user_order_info` [ RunTime:0.0450s ]
SQL: SELECT * FROM `t_sys_user` WHERE `uid` = 10012 AND `user_role` IN (100210,100220) LIMIT 1   [ RunTime:0.0463s ]
SQL: SELECT * FROM `t_user_order_info` WHERE ( operator_id = 10012 AND operator_sn = '201606031923010013' ) LIMIT 1   [ RunTime:0.0444s ]
NOTIC: [8] Undefined index: err_code C:\wwwroot\laohu\laohu_api\Application\V1\Service\PlayerService.class.php 第 557 行.
SQL: SHOW COLUMNS FROM `t_user_info` [ RunTime:0.0459s ]
SQL: SELECT * FROM `t_user_info` WHERE ( user_id = 11018 ) LIMIT 1   [ RunTime:0.0451s ]

[ 2016-06-20T10:48:17+08:00 ] 127.0.0.1 /V1/Player/get_info
INFO: [ app_init ] --START--
INFO: Run Behavior\BuildLiteBehavior [ RunTime:0.000063s ]
INFO: [ app_init ] --END-- [ RunTime:0.001636s ]
INFO: [ app_begin ] --START--
INFO: Run Behavior\ReadHtmlCacheBehavior [ RunTime:0.001778s ]
INFO: Run Behavior\CheckLangBehavior [ RunTime:0.004261s ]
INFO: [ app_begin ] --END-- [ RunTime:0.006338s ]
SQL: SHOW COLUMNS FROM `t_sys_user` [ RunTime:0.0463s ]
SQL: SELECT * FROM `t_sys_user` WHERE `uid` = 10012 AND `user_role` IN (100210,100220) LIMIT 1   [ RunTime:0.0451s ]
SQL: SHOW COLUMNS FROM `t_user_info` [ RunTime:0.0459s ]
SQL: SELECT * FROM `t_user_info` WHERE ( operator_id = 10012 AND account_id = 'test_player02' ) LIMIT 1   [ RunTime:0.0476s ]

[ 2016-06-20T10:48:17+08:00 ] 127.0.0.1 /V1/Player/update_password
INFO: [ app_init ] --START--
INFO: Run Behavior\BuildLiteBehavior [ RunTime:0.000018s ]
INFO: [ app_init ] --END-- [ RunTime:0.000737s ]
INFO: [ app_begin ] --START--
INFO: Run Behavior\ReadHtmlCacheBehavior [ RunTime:0.001164s ]
INFO: Run Behavior\CheckLangBehavior [ RunTime:0.001887s ]
INFO: [ app_begin ] --END-- [ RunTime:0.003220s ]
SQL: SHOW COLUMNS FROM `t_sys_user` [ RunTime:0.0465s ]
SQL: SELECT * FROM `t_sys_user` WHERE `uid` = 10012 AND `user_role` IN (100210,100220) LIMIT 1   [ RunTime:0.0450s ]
SQL: SHOW COLUMNS FROM `t_user_info` [ RunTime:0.0472s ]
SQL: SELECT * FROM `t_user_info` WHERE ( operator_id = 10012 AND account_id = 'test_player02' ) LIMIT 1   [ RunTime:0.0481s ]

[ 2016-06-20T10:48:18+08:00 ] 127.0.0.1 /V1/Player/frozen_player
INFO: [ app_init ] --START--
INFO: Run Behavior\BuildLiteBehavior [ RunTime:0.000023s ]
INFO: [ app_init ] --END-- [ RunTime:0.000922s ]
INFO: [ app_begin ] --START--
INFO: Run Behavior\ReadHtmlCacheBehavior [ RunTime:0.001053s ]
INFO: Run Behavior\CheckLangBehavior [ RunTime:0.001803s ]
INFO: [ app_begin ] --END-- [ RunTime:0.003001s ]
SQL: SHOW COLUMNS FROM `t_sys_user` [ RunTime:0.0475s ]
SQL: SELECT * FROM `t_sys_user` WHERE `uid` = 10012 AND `user_role` IN (100210,100220) LIMIT 1   [ RunTime:0.0447s ]
SQL: SHOW COLUMNS FROM `t_user_info` [ RunTime:0.0462s ]
SQL: SELECT * FROM `t_user_info` WHERE ( operator_id = 10012 AND account_id = 'test_player02' ) LIMIT 1   [ RunTime:0.0465s ]

[ 2016-06-20T10:48:18+08:00 ] 127.0.0.1 /V1/Player/get_all_spindata
INFO: [ app_init ] --START--
INFO: Run Behavior\BuildLiteBehavior [ RunTime:0.000018s ]
INFO: [ app_init ] --END-- [ RunTime:0.000677s ]
INFO: [ app_begin ] --START--
INFO: Run Behavior\ReadHtmlCacheBehavior [ RunTime:0.000959s ]
INFO: Run Behavior\CheckLangBehavior [ RunTime:0.001479s ]
INFO: [ app_begin ] --END-- [ RunTime:0.002574s ]
SQL: SHOW COLUMNS FROM `t_sys_user` [ RunTime:0.0455s ]
SQL: SELECT * FROM `t_sys_user` WHERE `uid` = 10012 AND `user_role` IN (100210,100220) LIMIT 1   [ RunTime:0.0451s ]
NOTIC: [2] date() expects parameter 2 to be long, string given C:\wwwroot\laohu\laohu_api\Application\V1\Service\PlayerService.class.php 第 375 行.
SQL: SHOW COLUMNS FROM `spin_log` [ RunTime:0.0457s ]
NOTIC: [8] Undefined index: operator_id C:\wwwroot\laohu\laohu_api\Application\V1\Service\PlayerService.class.php 第 400 行.
NOTIC: [8] Undefined variable: account_id C:\wwwroot\laohu\laohu_api\Application\V1\Model\SpinLogModel.class.php 第 62 行.

[ 2016-06-20T10:48:19+08:00 ] 127.0.0.1 /V1/Player/deposit_gold
INFO: [ app_init ] --START--
INFO: Run Behavior\BuildLiteBehavior [ RunTime:0.000029s ]
INFO: [ app_init ] --END-- [ RunTime:0.000920s ]
INFO: [ app_begin ] --START--
INFO: Run Behavior\ReadHtmlCacheBehavior [ RunTime:0.000923s ]
INFO: Run Behavior\CheckLangBehavior [ RunTime:0.001499s ]
INFO: [ app_begin ] --END-- [ RunTime:0.002547s ]
SQL: SHOW COLUMNS FROM `t_sys_user` [ RunTime:0.0452s ]
SQL: SELECT * FROM `t_sys_user` WHERE `uid` = 10012 AND `user_role` IN (100210,100220) LIMIT 1   [ RunTime:0.0449s ]
SQL: SHOW COLUMNS FROM `t_user_info` [ RunTime:0.0452s ]
SQL: SELECT * FROM `t_user_info` WHERE ( operator_id = 10012 AND account_id = 'test_player02' ) LIMIT 1   [ RunTime:0.0464s ]

[ 2016-06-20T10:48:19+08:00 ] 127.0.0.1 /V1/Player/withdrawal_gold
INFO: [ app_init ] --START--
INFO: Run Behavior\BuildLiteBehavior [ RunTime:0.000019s ]
INFO: [ app_init ] --END-- [ RunTime:0.000737s ]
INFO: [ app_begin ] --START--
INFO: Run Behavior\ReadHtmlCacheBehavior [ RunTime:0.000910s ]
INFO: Run Behavior\CheckLangBehavior [ RunTime:0.001503s ]
INFO: [ app_begin ] --END-- [ RunTime:0.002532s ]
SQL: SHOW COLUMNS FROM `t_sys_user` [ RunTime:0.0457s ]
SQL: SELECT * FROM `t_sys_user` WHERE `uid` = 10012 AND `user_role` IN (100210,100220) LIMIT 1   [ RunTime:0.0458s ]
SQL: SHOW COLUMNS FROM `t_user_info` [ RunTime:0.0454s ]
SQL: SELECT * FROM `t_user_info` WHERE ( operator_id = 10012 AND account_id = 'test_player02' ) LIMIT 1   [ RunTime:0.0526s ]

[ 2016-06-20T10:48:20+08:00 ] 127.0.0.1 /V1/Player/get_order_status
INFO: [ app_init ] --START--
INFO: Run Behavior\BuildLiteBehavior [ RunTime:0.000021s ]
INFO: [ app_init ] --END-- [ RunTime:0.000799s ]
INFO: [ app_begin ] --START--
INFO: Run Behavior\ReadHtmlCacheBehavior [ RunTime:0.000699s ]
INFO: Run Behavior\CheckLangBehavior [ RunTime:0.001469s ]
INFO: [ app_begin ] --END-- [ RunTime:0.002589s ]
SQL: SHOW COLUMNS FROM `t_sys_user` [ RunTime:0.0450s ]
SQL: SELECT * FROM `t_sys_user` WHERE `uid` = 10012 AND `user_role` IN (100210,100220) LIMIT 1   [ RunTime:0.0449s ]
SQL: SHOW COLUMNS FROM `t_user_order_info` [ RunTime:0.0447s ]
SQL: SELECT * FROM `t_sys_user` WHERE `uid` = 10012 AND `user_role` IN (100210,100220) LIMIT 1   [ RunTime:0.0480s ]
SQL: SELECT * FROM `t_user_order_info` WHERE ( operator_id = 10012 AND operator_sn = '201606031923010013' ) LIMIT 1   [ RunTime:0.0442s ]
NOTIC: [8] Undefined index: err_code C:\wwwroot\laohu\laohu_api\Application\V1\Service\PlayerService.class.php 第 557 行.
SQL: SHOW COLUMNS FROM `t_user_info` [ RunTime:0.0455s ]
SQL: SELECT * FROM `t_user_info` WHERE ( user_id = 11018 ) LIMIT 1   [ RunTime:0.0437s ]

[ 2016-06-20T10:49:16+08:00 ] 127.0.0.1 /V1/Player/get_info
INFO: [ app_init ] --START--
INFO: Run Behavior\BuildLiteBehavior [ RunTime:0.000012s ]
INFO: [ app_init ] --END-- [ RunTime:0.000478s ]
INFO: [ app_begin ] --START--
INFO: Run Behavior\ReadHtmlCacheBehavior [ RunTime:0.000716s ]
INFO: Run Behavior\CheckLangBehavior [ RunTime:0.001353s ]
INFO: [ app_begin ] --END-- [ RunTime:0.002154s ]
SQL: SHOW COLUMNS FROM `t_sys_user` [ RunTime:0.0481s ]
SQL: SELECT * FROM `t_sys_user` WHERE `uid` = 10012 AND `user_role` IN (100210,100220) LIMIT 1   [ RunTime:0.0449s ]
SQL: SHOW COLUMNS FROM `t_user_info` [ RunTime:0.0459s ]
SQL: SELECT * FROM `t_user_info` WHERE ( operator_id = 10012 AND account_id = 'test_player02' ) LIMIT 1   [ RunTime:0.0459s ]

[ 2016-06-20T10:49:16+08:00 ] 127.0.0.1 /V1/Player/update_password
INFO: [ app_init ] --START--
INFO: Run Behavior\BuildLiteBehavior [ RunTime:0.000013s ]
INFO: [ app_init ] --END-- [ RunTime:0.000509s ]
INFO: [ app_begin ] --START--
INFO: Run Behavior\ReadHtmlCacheBehavior [ RunTime:0.000624s ]
INFO: Run Behavior\CheckLangBehavior [ RunTime:0.000922s ]
INFO: [ app_begin ] --END-- [ RunTime:0.001646s ]
SQL: SHOW COLUMNS FROM `t_sys_user` [ RunTime:0.0463s ]
SQL: SELECT * FROM `t_sys_user` WHERE `uid` = 10012 AND `user_role` IN (100210,100220) LIMIT 1   [ RunTime:0.0459s ]
SQL: SHOW COLUMNS FROM `t_user_info` [ RunTime:0.0468s ]
SQL: SELECT * FROM `t_user_info` WHERE ( operator_id = 10012 AND account_id = 'test_player02' ) LIMIT 1   [ RunTime:0.0475s ]

[ 2016-06-20T10:49:16+08:00 ] 127.0.0.1 /V1/Player/frozen_player
INFO: [ app_init ] --START--
INFO: Run Behavior\BuildLiteBehavior [ RunTime:0.000016s ]
INFO: [ app_init ] --END-- [ RunTime:0.000680s ]
INFO: [ app_begin ] --START--
INFO: Run Behavior\ReadHtmlCacheBehavior [ RunTime:0.000857s ]
INFO: Run Behavior\CheckLangBehavior [ RunTime:0.001331s ]
INFO: [ app_begin ] --END-- [ RunTime:0.002302s ]
SQL: SHOW COLUMNS FROM `t_sys_user` [ RunTime:0.0462s ]
SQL: SELECT * FROM `t_sys_user` WHERE `uid` = 10012 AND `user_role` IN (100210,100220) LIMIT 1   [ RunTime:0.0498s ]
SQL: SHOW COLUMNS FROM `t_user_info` [ RunTime:0.0454s ]
SQL: SELECT * FROM `t_user_info` WHERE ( operator_id = 10012 AND account_id = 'test_player02' ) LIMIT 1   [ RunTime:0.0468s ]

[ 2016-06-20T10:49:17+08:00 ] 127.0.0.1 /V1/Player/get_all_spindata
INFO: [ app_init ] --START--
INFO: Run Behavior\BuildLiteBehavior [ RunTime:0.000017s ]
INFO: [ app_init ] --END-- [ RunTime:0.000700s ]
INFO: [ app_begin ] --START--
INFO: Run Behavior\ReadHtmlCacheBehavior [ RunTime:0.000898s ]
INFO: Run Behavior\CheckLangBehavior [ RunTime:0.001381s ]
INFO: [ app_begin ] --END-- [ RunTime:0.002430s ]
SQL: SHOW COLUMNS FROM `t_sys_user` [ RunTime:0.0475s ]
SQL: SELECT * FROM `t_sys_user` WHERE `uid` = 10012 AND `user_role` IN (100210,100220) LIMIT 1   [ RunTime:0.0472s ]
NOTIC: [2] date() expects parameter 2 to be long, string given C:\wwwroot\laohu\laohu_api\Application\V1\Service\PlayerService.class.php 第 375 行.
SQL: SHOW COLUMNS FROM `spin_log` [ RunTime:0.0465s ]
NOTIC: [8] Undefined index: operator_id C:\wwwroot\laohu\laohu_api\Application\V1\Service\PlayerService.class.php 第 400 行.
NOTIC: [8] Undefined variable: account_id C:\wwwroot\laohu\laohu_api\Application\V1\Model\SpinLogModel.class.php 第 62 行.

[ 2016-06-20T10:49:17+08:00 ] 127.0.0.1 /V1/Player/deposit_gold
INFO: [ app_init ] --START--
INFO: Run Behavior\BuildLiteBehavior [ RunTime:0.000020s ]
INFO: [ app_init ] --END-- [ RunTime:0.000742s ]
INFO: [ app_begin ] --START--
INFO: Run Behavior\ReadHtmlCacheBehavior [ RunTime:0.002004s ]
INFO: Run Behavior\CheckLangBehavior [ RunTime:0.002097s ]
INFO: [ app_begin ] --END-- [ RunTime:0.004443s ]
SQL: SHOW COLUMNS FROM `t_sys_user` [ RunTime:0.0471s ]
SQL: SELECT * FROM `t_sys_user` WHERE `uid` = 10012 AND `user_role` IN (100210,100220) LIMIT 1   [ RunTime:0.0451s ]
SQL: SHOW COLUMNS FROM `t_user_info` [ RunTime:0.0450s ]
SQL: SELECT * FROM `t_user_info` WHERE ( operator_id = 10012 AND account_id = 'test_player02' ) LIMIT 1   [ RunTime:0.0481s ]

[ 2016-06-20T10:49:18+08:00 ] 127.0.0.1 /V1/Player/withdrawal_gold
INFO: [ app_init ] --START--
INFO: Run Behavior\BuildLiteBehavior [ RunTime:0.000020s ]
INFO: [ app_init ] --END-- [ RunTime:0.000697s ]
INFO: [ app_begin ] --START--
INFO: Run Behavior\ReadHtmlCacheBehavior [ RunTime:0.001105s ]
INFO: Run Behavior\CheckLangBehavior [ RunTime:0.001512s ]
INFO: [ app_begin ] --END-- [ RunTime:0.002749s ]
SQL: SHOW COLUMNS FROM `t_sys_user` [ RunTime:0.0485s ]
SQL: SELECT * FROM `t_sys_user` WHERE `uid` = 10012 AND `user_role` IN (100210,100220) LIMIT 1   [ RunTime:0.0504s ]
SQL: SHOW COLUMNS FROM `t_user_info` [ RunTime:0.0532s ]
SQL: SELECT * FROM `t_user_info` WHERE ( operator_id = 10012 AND account_id = 'test_player02' ) LIMIT 1   [ RunTime:0.0489s ]

[ 2016-06-20T10:49:18+08:00 ] 127.0.0.1 /V1/Player/get_order_status
INFO: [ app_init ] --START--
INFO: Run Behavior\BuildLiteBehavior [ RunTime:0.000019s ]
INFO: [ app_init ] --END-- [ RunTime:0.000729s ]
INFO: [ app_begin ] --START--
INFO: Run Behavior\ReadHtmlCacheBehavior [ RunTime:0.000973s ]
INFO: Run Behavior\CheckLangBehavior [ RunTime:0.002565s ]
INFO: [ app_begin ] --END-- [ RunTime:0.003699s ]
SQL: SHOW COLUMNS FROM `t_sys_user` [ RunTime:0.0479s ]
SQL: SELECT * FROM `t_sys_user` WHERE `uid` = 10012 AND `user_role` IN (100210,100220) LIMIT 1   [ RunTime:0.0474s ]
SQL: SHOW COLUMNS FROM `t_user_order_info` [ RunTime:0.0479s ]
SQL: SELECT * FROM `t_sys_user` WHERE `uid` = 10012 AND `user_role` IN (100210,100220) LIMIT 1   [ RunTime:0.0489s ]
SQL: SELECT * FROM `t_user_order_info` WHERE ( operator_id = 10012 AND operator_sn = '201606031923010013' ) LIMIT 1   [ RunTime:0.0469s ]
NOTIC: [8] Undefined index: err_code C:\wwwroot\laohu\laohu_api\Application\V1\Service\PlayerService.class.php 第 557 行.
SQL: SHOW COLUMNS FROM `t_user_info` [ RunTime:0.0475s ]
SQL: SELECT * FROM `t_user_info` WHERE ( user_id = 11018 ) LIMIT 1   [ RunTime:0.0499s ]

[ 2016-06-20T10:49:59+08:00 ] 127.0.0.1 /V1/Player/get_info
INFO: [ app_init ] --START--
INFO: Run Behavior\BuildLiteBehavior [ RunTime:0.000020s ]
INFO: [ app_init ] --END-- [ RunTime:0.000584s ]
INFO: [ app_begin ] --START--
INFO: Run Behavior\ReadHtmlCacheBehavior [ RunTime:0.000782s ]
INFO: Run Behavior\CheckLangBehavior [ RunTime:0.001980s ]
INFO: [ app_begin ] --END-- [ RunTime:0.002920s ]
SQL: SHOW COLUMNS FROM `t_sys_user` [ RunTime:0.0476s ]
SQL: SELECT * FROM `t_sys_user` WHERE `uid` = 10012 AND `user_role` IN (100210,100220) LIMIT 1   [ RunTime:0.0475s ]
SQL: SHOW COLUMNS FROM `t_user_info` [ RunTime:0.0484s ]
SQL: SELECT * FROM `t_user_info` WHERE ( operator_id = 10012 AND account_id = 'test_player02' ) LIMIT 1   [ RunTime:0.0506s ]

[ 2016-06-20T10:50:00+08:00 ] 127.0.0.1 /V1/Player/update_password
INFO: [ app_init ] --START--
INFO: Run Behavior\BuildLiteBehavior [ RunTime:0.000019s ]
INFO: [ app_init ] --END-- [ RunTime:0.000687s ]
INFO: [ app_begin ] --START--
INFO: Run Behavior\ReadHtmlCacheBehavior [ RunTime:0.001209s ]
INFO: Run Behavior\CheckLangBehavior [ RunTime:0.001550s ]
INFO: [ app_begin ] --END-- [ RunTime:0.002921s ]
SQL: SHOW COLUMNS FROM `t_sys_user` [ RunTime:0.0445s ]
SQL: SELECT * FROM `t_sys_user` WHERE `uid` = 10012 AND `user_role` IN (100210,100220) LIMIT 1   [ RunTime:0.0457s ]
SQL: SHOW COLUMNS FROM `t_user_info` [ RunTime:0.0455s ]
SQL: SELECT * FROM `t_user_info` WHERE ( operator_id = 10012 AND account_id = 'test_player02' ) LIMIT 1   [ RunTime:0.0458s ]

[ 2016-06-20T10:50:01+08:00 ] 127.0.0.1 /V1/Player/frozen_player
INFO: [ app_init ] --START--
INFO: Run Behavior\BuildLiteBehavior [ RunTime:0.000025s ]
INFO: [ app_init ] --END-- [ RunTime:0.000616s ]
INFO: [ app_begin ] --START--
INFO: Run Behavior\ReadHtmlCacheBehavior [ RunTime:0.001139s ]
INFO: Run Behavior\CheckLangBehavior [ RunTime:0.001344s ]
INFO: [ app_begin ] --END-- [ RunTime:0.002583s ]
SQL: SHOW COLUMNS FROM `t_sys_user` [ RunTime:0.0465s ]
SQL: SELECT * FROM `t_sys_user` WHERE `uid` = 10012 AND `user_role` IN (100210,100220) LIMIT 1   [ RunTime:0.0455s ]
SQL: SHOW COLUMNS FROM `t_user_info` [ RunTime:0.0481s ]
SQL: SELECT * FROM `t_user_info` WHERE ( operator_id = 10012 AND account_id = 'test_player02' ) LIMIT 1   [ RunTime:0.0475s ]

[ 2016-06-20T10:50:02+08:00 ] 127.0.0.1 /V1/Player/get_all_spindata
INFO: [ app_init ] --START--
INFO: Run Behavior\BuildLiteBehavior [ RunTime:0.000020s ]
INFO: [ app_init ] --END-- [ RunTime:0.000862s ]
INFO: [ app_begin ] --START--
INFO: Run Behavior\ReadHtmlCacheBehavior [ RunTime:0.001122s ]
INFO: Run Behavior\CheckLangBehavior [ RunTime:0.001687s ]
INFO: [ app_begin ] --END-- [ RunTime:0.002945s ]
SQL: SHOW COLUMNS FROM `t_sys_user` [ RunTime:0.0482s ]
SQL: SELECT * FROM `t_sys_user` WHERE `uid` = 10012 AND `user_role` IN (100210,100220) LIMIT 1   [ RunTime:0.0473s ]
NOTIC: [2] date() expects parameter 2 to be long, string given C:\wwwroot\laohu\laohu_api\Application\V1\Service\PlayerService.class.php 第 375 行.
SQL: SHOW COLUMNS FROM `spin_log` [ RunTime:0.0477s ]
NOTIC: [8] Undefined index: operator_id C:\wwwroot\laohu\laohu_api\Application\V1\Service\PlayerService.class.php 第 400 行.
NOTIC: [8] Undefined variable: account_id C:\wwwroot\laohu\laohu_api\Application\V1\Model\SpinLogModel.class.php 第 62 行.

[ 2016-06-20T10:50:02+08:00 ] 127.0.0.1 /V1/Player/deposit_gold
INFO: [ app_init ] --START--
INFO: Run Behavior\BuildLiteBehavior [ RunTime:0.000025s ]
INFO: [ app_init ] --END-- [ RunTime:0.001019s ]
INFO: [ app_begin ] --START--
INFO: Run Behavior\ReadHtmlCacheBehavior [ RunTime:0.001181s ]
INFO: Run Behavior\CheckLangBehavior [ RunTime:0.001851s ]
INFO: [ app_begin ] --END-- [ RunTime:0.003188s ]
SQL: SHOW COLUMNS FROM `t_sys_user` [ RunTime:0.0463s ]
SQL: SELECT * FROM `t_sys_user` WHERE `uid` = 10012 AND `user_role` IN (100210,100220) LIMIT 1   [ RunTime:0.0454s ]
SQL: SHOW COLUMNS FROM `t_user_info` [ RunTime:0.0450s ]
SQL: SELECT * FROM `t_user_info` WHERE ( operator_id = 10012 AND account_id = 'test_player02' ) LIMIT 1   [ RunTime:0.0456s ]

[ 2016-06-20T10:50:02+08:00 ] 127.0.0.1 /V1/Player/withdrawal_gold
INFO: [ app_init ] --START--
INFO: Run Behavior\BuildLiteBehavior [ RunTime:0.000021s ]
INFO: [ app_init ] --END-- [ RunTime:0.000917s ]
INFO: [ app_begin ] --START--
INFO: Run Behavior\ReadHtmlCacheBehavior [ RunTime:0.001386s ]
INFO: Run Behavior\CheckLangBehavior [ RunTime:0.001978s ]
INFO: [ app_begin ] --END-- [ RunTime:0.003537s ]
SQL: SHOW COLUMNS FROM `t_sys_user` [ RunTime:0.0468s ]
SQL: SELECT * FROM `t_sys_user` WHERE `uid` = 10012 AND `user_role` IN (100210,100220) LIMIT 1   [ RunTime:0.0453s ]
SQL: SHOW COLUMNS FROM `t_user_info` [ RunTime:0.0455s ]
SQL: SELECT * FROM `t_user_info` WHERE ( operator_id = 10012 AND account_id = 'test_player02' ) LIMIT 1   [ RunTime:0.0456s ]

[ 2016-06-20T10:50:03+08:00 ] 127.0.0.1 /V1/Player/get_order_status
INFO: [ app_init ] --START--
INFO: Run Behavior\BuildLiteBehavior [ RunTime:0.000014s ]
INFO: [ app_init ] --END-- [ RunTime:0.000506s ]
INFO: [ app_begin ] --START--
INFO: Run Behavior\ReadHtmlCacheBehavior [ RunTime:0.000571s ]
INFO: Run Behavior\CheckLangBehavior [ RunTime:0.001177s ]
INFO: [ app_begin ] --END-- [ RunTime:0.001882s ]
SQL: SHOW COLUMNS FROM `t_sys_user` [ RunTime:0.0475s ]
SQL: SELECT * FROM `t_sys_user` WHERE `uid` = 10012 AND `user_role` IN (100210,100220) LIMIT 1   [ RunTime:0.0469s ]
SQL: SHOW COLUMNS FROM `t_user_order_info` [ RunTime:0.0483s ]
SQL: SELECT * FROM `t_sys_user` WHERE `uid` = 10012 AND `user_role` IN (100210,100220) LIMIT 1   [ RunTime:0.0468s ]
SQL: SELECT * FROM `t_user_order_info` WHERE ( operator_id = 10012 AND operator_sn = '201606031923010013' ) LIMIT 1   [ RunTime:0.0463s ]
NOTIC: [8] Undefined index: err_code C:\wwwroot\laohu\laohu_api\Application\V1\Service\PlayerService.class.php 第 557 行.
SQL: SHOW COLUMNS FROM `t_user_info` [ RunTime:0.0478s ]
SQL: SELECT * FROM `t_user_info` WHERE ( user_id = 11018 ) LIMIT 1   [ RunTime:0.0464s ]

[ 2016-06-20T10:51:05+08:00 ] 127.0.0.1 /V1/Player/get_info
INFO: [ app_init ] --START--
INFO: Run Behavior\BuildLiteBehavior [ RunTime:0.000011s ]
INFO: [ app_init ] --END-- [ RunTime:0.000496s ]
INFO: [ app_begin ] --START--
INFO: Run Behavior\ReadHtmlCacheBehavior [ RunTime:0.000586s ]
INFO: Run Behavior\CheckLangBehavior [ RunTime:0.000974s ]
INFO: [ app_begin ] --END-- [ RunTime:0.001644s ]
SQL: SHOW COLUMNS FROM `t_sys_user` [ RunTime:0.0457s ]
SQL: SELECT * FROM `t_sys_user` WHERE `uid` = 10012 AND `user_role` IN (100210,100220) LIMIT 1   [ RunTime:0.0454s ]
SQL: SHOW COLUMNS FROM `t_user_info` [ RunTime:0.0461s ]
SQL: SELECT * FROM `t_user_info` WHERE ( operator_id = 10012 AND account_id = 'test_player02' ) LIMIT 1   [ RunTime:0.0458s ]

[ 2016-06-20T10:51:05+08:00 ] 127.0.0.1 /V1/Player/update_password
INFO: [ app_init ] --START--
INFO: Run Behavior\BuildLiteBehavior [ RunTime:0.000019s ]
INFO: [ app_init ] --END-- [ RunTime:0.000754s ]
INFO: [ app_begin ] --START--
INFO: Run Behavior\ReadHtmlCacheBehavior [ RunTime:0.001121s ]
INFO: Run Behavior\CheckLangBehavior [ RunTime:0.001608s ]
INFO: [ app_begin ] --END-- [ RunTime:0.002878s ]
SQL: SHOW COLUMNS FROM `t_sys_user` [ RunTime:0.0460s ]
SQL: SELECT * FROM `t_sys_user` WHERE `uid` = 10012 AND `user_role` IN (100210,100220) LIMIT 1   [ RunTime:0.0446s ]
SQL: SHOW COLUMNS FROM `t_user_info` [ RunTime:0.0468s ]
SQL: SELECT * FROM `t_user_info` WHERE ( operator_id = 10012 AND account_id = 'test_player02' ) LIMIT 1   [ RunTime:0.0456s ]

[ 2016-06-20T10:51:06+08:00 ] 127.0.0.1 /V1/Player/frozen_player
INFO: [ app_init ] --START--
INFO: Run Behavior\BuildLiteBehavior [ RunTime:0.000024s ]
INFO: [ app_init ] --END-- [ RunTime:0.001102s ]
INFO: [ app_begin ] --START--
INFO: Run Behavior\ReadHtmlCacheBehavior [ RunTime:0.000917s ]
INFO: Run Behavior\CheckLangBehavior [ RunTime:0.001465s ]
INFO: [ app_begin ] --END-- [ RunTime:0.002508s ]
SQL: SHOW COLUMNS FROM `t_sys_user` [ RunTime:0.0451s ]
SQL: SELECT * FROM `t_sys_user` WHERE `uid` = 10012 AND `user_role` IN (100210,100220) LIMIT 1   [ RunTime:0.0447s ]
SQL: SHOW COLUMNS FROM `t_user_info` [ RunTime:0.0481s ]
SQL: SELECT * FROM `t_user_info` WHERE ( operator_id = 10012 AND account_id = 'test_player02' ) LIMIT 1   [ RunTime:0.0470s ]

[ 2016-06-20T10:51:06+08:00 ] 127.0.0.1 /V1/Player/get_all_spindata
INFO: [ app_init ] --START--
INFO: Run Behavior\BuildLiteBehavior [ RunTime:0.000015s ]
INFO: [ app_init ] --END-- [ RunTime:0.000634s ]
INFO: [ app_begin ] --START--
INFO: Run Behavior\ReadHtmlCacheBehavior [ RunTime:0.000900s ]
INFO: Run Behavior\CheckLangBehavior [ RunTime:0.001851s ]
INFO: [ app_begin ] --END-- [ RunTime:0.002902s ]
SQL: SHOW COLUMNS FROM `t_sys_user` [ RunTime:0.0458s ]
SQL: SELECT * FROM `t_sys_user` WHERE `uid` = 10012 AND `user_role` IN (100210,100220) LIMIT 1   [ RunTime:0.0482s ]
NOTIC: [2] date() expects parameter 2 to be long, string given C:\wwwroot\laohu\laohu_api\Application\V1\Service\PlayerService.class.php 第 375 行.
SQL: SHOW COLUMNS FROM `spin_log` [ RunTime:0.0475s ]
NOTIC: [8] Undefined index: operator_id C:\wwwroot\laohu\laohu_api\Application\V1\Service\PlayerService.class.php 第 400 行.
NOTIC: [8] Undefined variable: account_id C:\wwwroot\laohu\laohu_api\Application\V1\Model\SpinLogModel.class.php 第 62 行.
SQL: SELECT * FROM spin_log t WHERE (  1=1  AND (createTime BETWEEN 1464852181000 AND 1464952981000)  )  [ RunTime:0.0469s ]

[ 2016-06-20T10:51:07+08:00 ] 127.0.0.1 /V1/Player/deposit_gold
INFO: [ app_init ] --START--
INFO: Run Behavior\BuildLiteBehavior [ RunTime:0.000016s ]
INFO: [ app_init ] --END-- [ RunTime:0.000591s ]
INFO: [ app_begin ] --START--
INFO: Run Behavior\ReadHtmlCacheBehavior [ RunTime:0.000747s ]
INFO: Run Behavior\CheckLangBehavior [ RunTime:0.001521s ]
INFO: [ app_begin ] --END-- [ RunTime:0.002403s ]
SQL: SHOW COLUMNS FROM `t_sys_user` [ RunTime:0.0472s ]
SQL: SELECT * FROM `t_sys_user` WHERE `uid` = 10012 AND `user_role` IN (100210,100220) LIMIT 1   [ RunTime:0.0449s ]
SQL: SHOW COLUMNS FROM `t_user_info` [ RunTime:0.0445s ]
SQL: SELECT * FROM `t_user_info` WHERE ( operator_id = 10012 AND account_id = 'test_player02' ) LIMIT 1   [ RunTime:0.0458s ]

[ 2016-06-20T10:51:08+08:00 ] 127.0.0.1 /V1/Player/withdrawal_gold
INFO: [ app_init ] --START--
INFO: Run Behavior\BuildLiteBehavior [ RunTime:0.000012s ]
INFO: [ app_init ] --END-- [ RunTime:0.000569s ]
INFO: [ app_begin ] --START--
INFO: Run Behavior\ReadHtmlCacheBehavior [ RunTime:0.000728s ]
INFO: Run Behavior\CheckLangBehavior [ RunTime:0.001231s ]
INFO: [ app_begin ] --END-- [ RunTime:0.002033s ]
SQL: SHOW COLUMNS FROM `t_sys_user` [ RunTime:0.0459s ]
SQL: SELECT * FROM `t_sys_user` WHERE `uid` = 10012 AND `user_role` IN (100210,100220) LIMIT 1   [ RunTime:0.0453s ]
SQL: SHOW COLUMNS FROM `t_user_info` [ RunTime:0.0459s ]
SQL: SELECT * FROM `t_user_info` WHERE ( operator_id = 10012 AND account_id = 'test_player02' ) LIMIT 1   [ RunTime:0.0464s ]

[ 2016-06-20T10:51:08+08:00 ] 127.0.0.1 /V1/Player/get_order_status
INFO: [ app_init ] --START--
INFO: Run Behavior\BuildLiteBehavior [ RunTime:0.000022s ]
INFO: [ app_init ] --END-- [ RunTime:0.000878s ]
INFO: [ app_begin ] --START--
INFO: Run Behavior\ReadHtmlCacheBehavior [ RunTime:0.001115s ]
INFO: Run Behavior\CheckLangBehavior [ RunTime:0.001623s ]
INFO: [ app_begin ] --END-- [ RunTime:0.002865s ]
SQL: SHOW COLUMNS FROM `t_sys_user` [ RunTime:0.0478s ]
SQL: SELECT * FROM `t_sys_user` WHERE `uid` = 10012 AND `user_role` IN (100210,100220) LIMIT 1   [ RunTime:0.0470s ]
SQL: SHOW COLUMNS FROM `t_user_order_info` [ RunTime:0.0471s ]
SQL: SELECT * FROM `t_sys_user` WHERE `uid` = 10012 AND `user_role` IN (100210,100220) LIMIT 1   [ RunTime:0.0474s ]
SQL: SELECT * FROM `t_user_order_info` WHERE ( operator_id = 10012 AND operator_sn = '201606031923010013' ) LIMIT 1   [ RunTime:0.0465s ]
NOTIC: [8] Undefined index: err_code C:\wwwroot\laohu\laohu_api\Application\V1\Service\PlayerService.class.php 第 557 行.
SQL: SHOW COLUMNS FROM `t_user_info` [ RunTime:0.0479s ]
SQL: SELECT * FROM `t_user_info` WHERE ( user_id = 11018 ) LIMIT 1   [ RunTime:0.0466s ]

[ 2016-06-20T10:55:00+08:00 ] 127.0.0.1 /V1/Player/get_info
INFO: [ app_init ] --START--
INFO: Run Behavior\BuildLiteBehavior [ RunTime:0.000025s ]
INFO: [ app_init ] --END-- [ RunTime:0.000561s ]
INFO: [ app_begin ] --START--
INFO: Run Behavior\ReadHtmlCacheBehavior [ RunTime:0.000708s ]
INFO: Run Behavior\CheckLangBehavior [ RunTime:0.001552s ]
INFO: [ app_begin ] --END-- [ RunTime:0.002352s ]
SQL: SHOW COLUMNS FROM `t_sys_user` [ RunTime:0.0469s ]
SQL: SELECT * FROM `t_sys_user` WHERE `uid` = 10012 AND `user_role` IN (100210,100220) LIMIT 1   [ RunTime:0.0458s ]
SQL: SHOW COLUMNS FROM `t_user_info` [ RunTime:0.0456s ]
SQL: SELECT * FROM `t_user_info` WHERE ( operator_id = 10012 AND account_id = 'test_player02' ) LIMIT 1   [ RunTime:0.0468s ]

[ 2016-06-20T10:55:01+08:00 ] 127.0.0.1 /V1/Player/update_password
INFO: [ app_init ] --START--
INFO: Run Behavior\BuildLiteBehavior [ RunTime:0.000028s ]
INFO: [ app_init ] --END-- [ RunTime:0.001230s ]
INFO: [ app_begin ] --START--
INFO: Run Behavior\ReadHtmlCacheBehavior [ RunTime:0.001013s ]
INFO: Run Behavior\CheckLangBehavior [ RunTime:0.002847s ]
INFO: [ app_begin ] --END-- [ RunTime:0.003999s ]
SQL: SHOW COLUMNS FROM `t_sys_user` [ RunTime:0.0482s ]
SQL: SELECT * FROM `t_sys_user` WHERE `uid` = 10012 AND `user_role` IN (100210,100220) LIMIT 1   [ RunTime:0.0489s ]
SQL: SHOW COLUMNS FROM `t_user_info` [ RunTime:0.0479s ]
SQL: SELECT * FROM `t_user_info` WHERE ( operator_id = 10012 AND account_id = 'test_player02' ) LIMIT 1   [ RunTime:0.0487s ]

[ 2016-06-20T10:55:01+08:00 ] 127.0.0.1 /V1/Player/frozen_player
INFO: [ app_init ] --START--
INFO: Run Behavior\BuildLiteBehavior [ RunTime:0.000015s ]
INFO: [ app_init ] --END-- [ RunTime:0.000657s ]
INFO: [ app_begin ] --START--
INFO: Run Behavior\ReadHtmlCacheBehavior [ RunTime:0.000825s ]
INFO: Run Behavior\CheckLangBehavior [ RunTime:0.001343s ]
INFO: [ app_begin ] --END-- [ RunTime:0.002337s ]
SQL: SHOW COLUMNS FROM `t_sys_user` [ RunTime:0.0493s ]
SQL: SELECT * FROM `t_sys_user` WHERE `uid` = 10012 AND `user_role` IN (100210,100220) LIMIT 1   [ RunTime:0.0477s ]
SQL: SHOW COLUMNS FROM `t_user_info` [ RunTime:0.0490s ]
SQL: SELECT * FROM `t_user_info` WHERE ( operator_id = 10012 AND account_id = 'test_player02' ) LIMIT 1   [ RunTime:0.0504s ]

[ 2016-06-20T10:55:02+08:00 ] 127.0.0.1 /V1/Player/get_all_spindata
INFO: [ app_init ] --START--
INFO: Run Behavior\BuildLiteBehavior [ RunTime:0.000050s ]
INFO: [ app_init ] --END-- [ RunTime:0.001381s ]
INFO: [ app_begin ] --START--
INFO: Run Behavior\ReadHtmlCacheBehavior [ RunTime:0.001108s ]
INFO: Run Behavior\CheckLangBehavior [ RunTime:0.001770s ]
INFO: [ app_begin ] --END-- [ RunTime:0.003024s ]
SQL: SHOW COLUMNS FROM `t_sys_user` [ RunTime:0.0458s ]
SQL: SELECT * FROM `t_sys_user` WHERE `uid` = 10012 AND `user_role` IN (100210,100220) LIMIT 1   [ RunTime:0.0460s ]
NOTIC: [2] date() expects parameter 2 to be long, string given C:\wwwroot\laohu\laohu_api\Application\V1\Service\PlayerService.class.php 第 375 行.
SQL: SHOW COLUMNS FROM `spin_log` [ RunTime:0.0464s ]
NOTIC: [8] Undefined index: operator_id C:\wwwroot\laohu\laohu_api\Application\V1\Service\PlayerService.class.php 第 400 行.
NOTIC: [8] Undefined variable: account_id C:\wwwroot\laohu\laohu_api\Application\V1\Model\SpinLogModel.class.php 第 62 行.
SQL: SELECT * FROM spin_log t WHERE (  1=1  AND (createTime BETWEEN 1464852181000 AND 1464952981000)  )  [ RunTime:0.0449s ]

[ 2016-06-20T10:55:02+08:00 ] 127.0.0.1 /V1/Player/deposit_gold
INFO: [ app_init ] --START--
INFO: Run Behavior\BuildLiteBehavior [ RunTime:0.000023s ]
INFO: [ app_init ] --END-- [ RunTime:0.000954s ]
INFO: [ app_begin ] --START--
INFO: Run Behavior\ReadHtmlCacheBehavior [ RunTime:0.001099s ]
INFO: Run Behavior\CheckLangBehavior [ RunTime:0.001738s ]
INFO: [ app_begin ] --END-- [ RunTime:0.002985s ]
SQL: SHOW COLUMNS FROM `t_sys_user` [ RunTime:0.0479s ]
SQL: SELECT * FROM `t_sys_user` WHERE `uid` = 10012 AND `user_role` IN (100210,100220) LIMIT 1   [ RunTime:0.0482s ]
SQL: SHOW COLUMNS FROM `t_user_info` [ RunTime:0.0494s ]
SQL: SELECT * FROM `t_user_info` WHERE ( operator_id = 10012 AND account_id = 'test_player02' ) LIMIT 1   [ RunTime:0.0483s ]

[ 2016-06-20T10:55:03+08:00 ] 127.0.0.1 /V1/Player/withdrawal_gold
INFO: [ app_init ] --START--
INFO: Run Behavior\BuildLiteBehavior [ RunTime:0.000024s ]
INFO: [ app_init ] --END-- [ RunTime:0.000887s ]
INFO: [ app_begin ] --START--
INFO: Run Behavior\ReadHtmlCacheBehavior [ RunTime:0.000891s ]
INFO: Run Behavior\CheckLangBehavior [ RunTime:0.001124s ]
INFO: [ app_begin ] --END-- [ RunTime:0.002157s ]
SQL: SHOW COLUMNS FROM `t_sys_user` [ RunTime:0.0480s ]
SQL: SELECT * FROM `t_sys_user` WHERE `uid` = 10012 AND `user_role` IN (100210,100220) LIMIT 1   [ RunTime:0.0470s ]
SQL: SHOW COLUMNS FROM `t_user_info` [ RunTime:0.0474s ]
SQL: SELECT * FROM `t_user_info` WHERE ( operator_id = 10012 AND account_id = 'test_player02' ) LIMIT 1   [ RunTime:0.0497s ]

[ 2016-06-20T10:55:03+08:00 ] 127.0.0.1 /V1/Player/get_order_status
INFO: [ app_init ] --START--
INFO: Run Behavior\BuildLiteBehavior [ RunTime:0.000023s ]
INFO: [ app_init ] --END-- [ RunTime:0.000857s ]
INFO: [ app_begin ] --START--
INFO: Run Behavior\ReadHtmlCacheBehavior [ RunTime:0.001074s ]
INFO: Run Behavior\CheckLangBehavior [ RunTime:0.002164s ]
INFO: [ app_begin ] --END-- [ RunTime:0.003406s ]
SQL: SHOW COLUMNS FROM `t_sys_user` [ RunTime:0.0451s ]
SQL: SELECT * FROM `t_sys_user` WHERE `uid` = 10012 AND `user_role` IN (100210,100220) LIMIT 1   [ RunTime:0.0458s ]
SQL: SHOW COLUMNS FROM `t_user_order_info` [ RunTime:0.0451s ]
SQL: SELECT * FROM `t_sys_user` WHERE `uid` = 10012 AND `user_role` IN (100210,100220) LIMIT 1   [ RunTime:0.0461s ]
SQL: SELECT * FROM `t_user_order_info` WHERE ( operator_id = 10012 AND operator_sn = '201606031923010013' ) LIMIT 1   [ RunTime:0.0449s ]
NOTIC: [8] Undefined index: err_code C:\wwwroot\laohu\laohu_api\Application\V1\Service\PlayerService.class.php 第 557 行.
SQL: SHOW COLUMNS FROM `t_user_info` [ RunTime:0.0453s ]
SQL: SELECT * FROM `t_user_info` WHERE ( user_id = 11018 ) LIMIT 1   [ RunTime:0.0453s ]

[ 2016-06-20T13:39:39+08:00 ] 127.0.0.1 /V1/Player/get_info
INFO: [ app_init ] --START--
INFO: Run Behavior\BuildLiteBehavior [ RunTime:0.000013s ]
INFO: [ app_init ] --END-- [ RunTime:0.000638s ]
INFO: [ app_begin ] --START--
INFO: Run Behavior\ReadHtmlCacheBehavior [ RunTime:0.000696s ]
INFO: Run Behavior\CheckLangBehavior [ RunTime:0.001214s ]
INFO: [ app_begin ] --END-- [ RunTime:0.001986s ]
SQL: SHOW COLUMNS FROM `t_sys_user` [ RunTime:0.0455s ]
SQL: SELECT * FROM `t_sys_user` WHERE `uid` = 10012 AND `user_role` IN (100210,100220) LIMIT 1   [ RunTime:0.0444s ]
SQL: SHOW COLUMNS FROM `t_user_info` [ RunTime:0.0450s ]
SQL: SELECT * FROM `t_user_info` WHERE ( operator_id = 10012 AND account_id = 'test_player02' ) LIMIT 1   [ RunTime:0.0479s ]

[ 2016-06-20T13:39:40+08:00 ] 127.0.0.1 /V1/Player/update_password
INFO: [ app_init ] --START--
INFO: Run Behavior\BuildLiteBehavior [ RunTime:0.000021s ]
INFO: [ app_init ] --END-- [ RunTime:0.001069s ]
INFO: [ app_begin ] --START--
INFO: Run Behavior\ReadHtmlCacheBehavior [ RunTime:0.000719s ]
INFO: Run Behavior\CheckLangBehavior [ RunTime:0.001261s ]
INFO: [ app_begin ] --END-- [ RunTime:0.002066s ]
SQL: SHOW COLUMNS FROM `t_sys_user` [ RunTime:0.0483s ]
SQL: SELECT * FROM `t_sys_user` WHERE `uid` = 10012 AND `user_role` IN (100210,100220) LIMIT 1   [ RunTime:0.0473s ]
SQL: SHOW COLUMNS FROM `t_user_info` [ RunTime:0.0504s ]
SQL: SELECT * FROM `t_user_info` WHERE ( operator_id = 10012 AND account_id = 'test_player02' ) LIMIT 1   [ RunTime:0.0491s ]

[ 2016-06-20T13:39:41+08:00 ] 127.0.0.1 /V1/Player/frozen_player
INFO: [ app_init ] --START--
INFO: Run Behavior\BuildLiteBehavior [ RunTime:0.000012s ]
INFO: [ app_init ] --END-- [ RunTime:0.000514s ]
INFO: [ app_begin ] --START--
INFO: Run Behavior\ReadHtmlCacheBehavior [ RunTime:0.000804s ]
INFO: Run Behavior\CheckLangBehavior [ RunTime:0.001242s ]
INFO: [ app_begin ] --END-- [ RunTime:0.002153s ]
SQL: SHOW COLUMNS FROM `t_sys_user` [ RunTime:0.0472s ]
SQL: SELECT * FROM `t_sys_user` WHERE `uid` = 10012 AND `user_role` IN (100210,100220) LIMIT 1   [ RunTime:0.0452s ]
SQL: SHOW COLUMNS FROM `t_user_info` [ RunTime:0.0460s ]
SQL: SELECT * FROM `t_user_info` WHERE ( operator_id = 10012 AND account_id = 'test_player02' ) LIMIT 1   [ RunTime:0.0478s ]

[ 2016-06-20T13:39:41+08:00 ] 127.0.0.1 /V1/Player/get_all_spindata
INFO: [ app_init ] --START--
INFO: Run Behavior\BuildLiteBehavior [ RunTime:0.000015s ]
INFO: [ app_init ] --END-- [ RunTime:0.000667s ]
INFO: [ app_begin ] --START--
INFO: Run Behavior\ReadHtmlCacheBehavior [ RunTime:0.000864s ]
INFO: Run Behavior\CheckLangBehavior [ RunTime:0.001329s ]
INFO: [ app_begin ] --END-- [ RunTime:0.002314s ]
SQL: SHOW COLUMNS FROM `t_sys_user` [ RunTime:0.0478s ]
SQL: SELECT * FROM `t_sys_user` WHERE `uid` = 10012 AND `user_role` IN (100210,100220) LIMIT 1   [ RunTime:0.0479s ]
NOTIC: [2] date() expects parameter 2 to be long, string given C:\wwwroot\laohu\laohu_api\Application\V1\Service\PlayerService.class.php 第 375 行.
SQL: SHOW COLUMNS FROM `spin_log` [ RunTime:0.0459s ]
NOTIC: [8] Undefined index: operator_id C:\wwwroot\laohu\laohu_api\Application\V1\Service\PlayerService.class.php 第 400 行.
NOTIC: [8] Undefined variable: account_id C:\wwwroot\laohu\laohu_api\Application\V1\Model\SpinLogModel.class.php 第 62 行.
SQL: SELECT * FROM spin_log t WHERE (  1=1  AND (createTime BETWEEN 1464852181000 AND 1464952981000)  )  [ RunTime:0.0461s ]

[ 2016-06-20T13:39:42+08:00 ] 127.0.0.1 /V1/Player/deposit_gold
INFO: [ app_init ] --START--
INFO: Run Behavior\BuildLiteBehavior [ RunTime:0.000021s ]
INFO: [ app_init ] --END-- [ RunTime:0.001202s ]
INFO: [ app_begin ] --START--
INFO: Run Behavior\ReadHtmlCacheBehavior [ RunTime:0.001277s ]
INFO: Run Behavior\CheckLangBehavior [ RunTime:0.001792s ]
INFO: [ app_begin ] --END-- [ RunTime:0.003224s ]
SQL: SHOW COLUMNS FROM `t_sys_user` [ RunTime:0.0460s ]
SQL: SELECT * FROM `t_sys_user` WHERE `uid` = 10012 AND `user_role` IN (100210,100220) LIMIT 1   [ RunTime:0.0472s ]
SQL: SHOW COLUMNS FROM `t_user_info` [ RunTime:0.0450s ]
SQL: SELECT * FROM `t_user_info` WHERE ( operator_id = 10012 AND account_id = 'test_player02' ) LIMIT 1   [ RunTime:0.0482s ]

[ 2016-06-20T13:39:42+08:00 ] 127.0.0.1 /V1/Player/withdrawal_gold
INFO: [ app_init ] --START--
INFO: Run Behavior\BuildLiteBehavior [ RunTime:0.000020s ]
INFO: [ app_init ] --END-- [ RunTime:0.000794s ]
INFO: [ app_begin ] --START--
INFO: Run Behavior\ReadHtmlCacheBehavior [ RunTime:0.001198s ]
INFO: Run Behavior\CheckLangBehavior [ RunTime:0.001871s ]
INFO: [ app_begin ] --END-- [ RunTime:0.003215s ]
SQL: SHOW COLUMNS FROM `t_sys_user` [ RunTime:0.0459s ]
SQL: SELECT * FROM `t_sys_user` WHERE `uid` = 10012 AND `user_role` IN (100210,100220) LIMIT 1   [ RunTime:0.0463s ]
SQL: SHOW COLUMNS FROM `t_user_info` [ RunTime:0.0463s ]
SQL: SELECT * FROM `t_user_info` WHERE ( operator_id = 10012 AND account_id = 'test_player02' ) LIMIT 1   [ RunTime:0.0497s ]

[ 2016-06-20T13:39:43+08:00 ] 127.0.0.1 /V1/Player/get_order_status
INFO: [ app_init ] --START--
INFO: Run Behavior\BuildLiteBehavior [ RunTime:0.000017s ]
INFO: [ app_init ] --END-- [ RunTime:0.000729s ]
INFO: [ app_begin ] --START--
INFO: Run Behavior\ReadHtmlCacheBehavior [ RunTime:0.000879s ]
INFO: Run Behavior\CheckLangBehavior [ RunTime:0.001442s ]
INFO: [ app_begin ] --END-- [ RunTime:0.002437s ]
SQL: SHOW COLUMNS FROM `t_sys_user` [ RunTime:0.0496s ]
SQL: SELECT * FROM `t_sys_user` WHERE `uid` = 10012 AND `user_role` IN (100210,100220) LIMIT 1   [ RunTime:0.0454s ]
SQL: SHOW COLUMNS FROM `t_user_order_info` [ RunTime:0.0458s ]
SQL: SELECT * FROM `t_sys_user` WHERE `uid` = 10012 AND `user_role` IN (100210,100220) LIMIT 1   [ RunTime:0.0448s ]
SQL: SELECT * FROM `t_user_order_info` WHERE ( operator_id = 10012 AND operator_sn = '201606031923010013' ) LIMIT 1   [ RunTime:0.0457s ]
NOTIC: [8] Undefined index: err_code C:\wwwroot\laohu\laohu_api\Application\V1\Service\PlayerService.class.php 第 557 行.
SQL: SHOW COLUMNS FROM `t_user_info` [ RunTime:0.0455s ]
SQL: SELECT * FROM `t_user_info` WHERE ( user_id = 11018 ) LIMIT 1   [ RunTime:0.0462s ]

